<CONDA_ENV>/lib/python3.9/site-packages/torch/nn/functional.py:3609: UserWarning: Default upsampling behavior when mode=bilinear is changed to align_corners=False since 0.4.0. Please specify align_corners=True if the old behavior is desired. See the documentation of nn.Upsample for details.
  warnings.warn(
Not using distributed mode
### Hyper-parameters:
     output_dir: <RETAINED_SOTA_OUTPUT>
     seed: 42
     device: cuda
     batch_size_tta: 16
     epochs: 20
     lr: 1e-05
### Creating test dataset
     test_txt_set: 6156    test_img_set: 3074
     test_txt_loader: 13    test_img_loader: 7
### Creating model
Training Model with ['sdm', 'id', 'mlm'] tasks
Resized position embedding from size:torch.Size([1, 197, 768]) to size: torch.Size([1, 193, 768]) with height:24 width: 8
     Total Params Sum:  194535419
### Zero-Shot Score: 
+-------+--------+--------+--------+--------+--------+
| epoch |   R1   |   R5   |  R10   |  mAP   |  mINP  |
+-------+--------+--------+--------+--------+--------+
|  -999 | 70.598 | 86.891 | 91.780 | 63.391 | 47.063 |
+-------+--------+--------+--------+--------+--------+
### TTA:
### Compute Cos Similarity Uncertainty
     preprocess_tta_coefficients  start
     sample selection ...
     number of sample after sample_selection: 5165
     uncertainty ...
     pos/neg sampling ...
      number of sample after pos/neg sampling: torch.Size([6156, 8])
     preprocess_tta_coefficients  end
### Creating TTA dataset
     tta_dataset: 5165
### Creating tta dataloader
### create_loader returns a list length of 1
     tta_loader: 322
### Configure adapted weights
     TTA Dropout Modules: 
 []
     TTA Require Gradient Params: 
 [('base_model.transformer.resblocks.1.ln_1.weight', torch.Size([512])), ('base_model.transformer.resblocks.1.ln_1.bias', torch.Size([512])), ('base_model.transformer.resblocks.1.ln_2.weight', torch.Size([512])), ('base_model.transformer.resblocks.1.ln_2.bias', torch.Size([512])), ('base_model.transformer.resblocks.2.ln_1.weight', torch.Size([512])), ('base_model.transformer.resblocks.2.ln_1.bias', torch.Size([512])), ('base_model.transformer.resblocks.2.ln_2.weight', torch.Size([512])), ('base_model.transformer.resblocks.2.ln_2.bias', torch.Size([512])), ('base_model.transformer.resblocks.3.ln_1.weight', torch.Size([512])), ('base_model.transformer.resblocks.3.ln_1.bias', torch.Size([512])), ('base_model.transformer.resblocks.3.ln_2.weight', torch.Size([512])), ('base_model.transformer.resblocks.3.ln_2.bias', torch.Size([512])), ('base_model.transformer.resblocks.4.ln_1.weight', torch.Size([512])), ('base_model.transformer.resblocks.4.ln_1.bias', torch.Size([512])), ('base_model.transformer.resblocks.4.ln_2.weight', torch.Size([512])), ('base_model.transformer.resblocks.4.ln_2.bias', torch.Size([512])), ('base_model.transformer.resblocks.5.ln_1.weight', torch.Size([512])), ('base_model.transformer.resblocks.5.ln_1.bias', torch.Size([512])), ('base_model.transformer.resblocks.5.ln_2.weight', torch.Size([512])), ('base_model.transformer.resblocks.5.ln_2.bias', torch.Size([512])), ('base_model.transformer.resblocks.7.ln_1.weight', torch.Size([512])), ('base_model.transformer.resblocks.7.ln_1.bias', torch.Size([512])), ('base_model.transformer.resblocks.7.ln_2.weight', torch.Size([512])), ('base_model.transformer.resblocks.7.ln_2.bias', torch.Size([512])), ('base_model.transformer.resblocks.8.ln_1.weight', torch.Size([512])), ('base_model.transformer.resblocks.8.ln_1.bias', torch.Size([512])), ('base_model.transformer.resblocks.8.ln_2.weight', torch.Size([512])), ('base_model.transformer.resblocks.8.ln_2.bias', torch.Size([512])), ('base_model.transformer.resblocks.9.ln_1.weight', torch.Size([512])), ('base_model.transformer.resblocks.9.ln_1.bias', torch.Size([512])), ('base_model.transformer.resblocks.9.ln_2.weight', torch.Size([512])), ('base_model.transformer.resblocks.9.ln_2.bias', torch.Size([512])), ('base_model.transformer.resblocks.10.ln_1.weight', torch.Size([512])), ('base_model.transformer.resblocks.10.ln_1.bias', torch.Size([512])), ('base_model.transformer.resblocks.10.ln_2.weight', torch.Size([512])), ('base_model.transformer.resblocks.10.ln_2.bias', torch.Size([512])), ('base_model.transformer.resblocks.11.ln_1.weight', torch.Size([512])), ('base_model.transformer.resblocks.11.ln_1.bias', torch.Size([512])), ('base_model.transformer.resblocks.11.ln_2.weight', torch.Size([512])), ('base_model.transformer.resblocks.11.ln_2.bias', torch.Size([512])), ('base_model.ln_final.weight', torch.Size([512])), ('base_model.ln_final.bias', torch.Size([512]))]
     TTA Dropout Modules Number: 
 0
     TTA Require Gradient Params Sum: 
 21504
Using 5.0 times learning rate for random init module 
### Start Test Time Adaptation : num_epoch = 20
     Epoch[0] Iteration[10/322], entropy: 0.3043, uncertainty: 1.7903, uncertainty_coeffi: 0.0100, loss: 0.1557, lr: 7.50e-06
     Epoch[0] Iteration[20/322], entropy: 0.1855, uncertainty: 1.5169, uncertainty_coeffi: 0.0100, loss: 0.1045, lr: 0.00e+00
     Epoch[0] Iteration[30/322], entropy: 0.2762, uncertainty: 1.7998, uncertainty_coeffi: 0.0100, loss: 0.1412, lr: 7.50e-06
     Epoch[0] Iteration[40/322], entropy: 0.2303, uncertainty: 1.7567, uncertainty_coeffi: 0.0100, loss: 0.1232, lr: 7.50e-06
     Epoch[0] Iteration[50/322], entropy: 0.4081, uncertainty: 1.9539, uncertainty_coeffi: 0.0100, loss: 0.1961, lr: 0.00e+00
     Epoch[0] Iteration[60/322], entropy: 0.2362, uncertainty: 1.7594, uncertainty_coeffi: 0.0100, loss: 0.1236, lr: 7.50e-06
     Epoch[0] Iteration[70/322], entropy: 0.1940, uncertainty: 1.7415, uncertainty_coeffi: 0.0100, loss: 0.1061, lr: 7.50e-06
     Epoch[0] Iteration[80/322], entropy: 0.2206, uncertainty: 1.7772, uncertainty_coeffi: 0.0100, loss: 0.1261, lr: 0.00e+00
     Epoch[0] Iteration[90/322], entropy: 0.4030, uncertainty: 1.8492, uncertainty_coeffi: 0.0100, loss: 0.2029, lr: 7.50e-06
     Epoch[0] Iteration[100/322], entropy: 0.1195, uncertainty: 1.7403, uncertainty_coeffi: 0.0100, loss: 0.0751, lr: 7.50e-06
     Epoch[0] Iteration[110/322], entropy: 0.2178, uncertainty: 1.7600, uncertainty_coeffi: 0.0100, loss: 0.1116, lr: 0.00e+00
     Epoch[0] Iteration[120/322], entropy: 0.3960, uncertainty: 1.8473, uncertainty_coeffi: 0.0100, loss: 0.1954, lr: 7.50e-06
     Epoch[0] Iteration[130/322], entropy: 0.2850, uncertainty: 1.7256, uncertainty_coeffi: 0.0100, loss: 0.1519, lr: 7.50e-06
     Epoch[0] Iteration[140/322], entropy: 0.1588, uncertainty: 1.6421, uncertainty_coeffi: 0.0100, loss: 0.1009, lr: 0.00e+00
     Epoch[0] Iteration[150/322], entropy: 0.2703, uncertainty: 1.7471, uncertainty_coeffi: 0.0100, loss: 0.1479, lr: 7.50e-06
     Epoch[0] Iteration[160/322], entropy: 0.3845, uncertainty: 1.7876, uncertainty_coeffi: 0.0100, loss: 0.1935, lr: 7.50e-06
     Epoch[0] Iteration[170/322], entropy: 0.1567, uncertainty: 1.7548, uncertainty_coeffi: 0.0100, loss: 0.0939, lr: 0.00e+00
     Epoch[0] Iteration[180/322], entropy: 0.4354, uncertainty: 1.7969, uncertainty_coeffi: 0.0100, loss: 0.2246, lr: 7.50e-06
     Epoch[0] Iteration[190/322], entropy: 0.4550, uncertainty: 1.7265, uncertainty_coeffi: 0.0100, loss: 0.2218, lr: 7.50e-06
     Epoch[0] Iteration[200/322], entropy: 0.0890, uncertainty: 1.7046, uncertainty_coeffi: 0.0100, loss: 0.0629, lr: 0.00e+00
     Epoch[0] Iteration[210/322], entropy: 0.2428, uncertainty: 1.6622, uncertainty_coeffi: 0.0100, loss: 0.1270, lr: 7.50e-06
     Epoch[0] Iteration[220/322], entropy: 0.3156, uncertainty: 1.8340, uncertainty_coeffi: 0.0100, loss: 0.1658, lr: 7.50e-06
     Epoch[0] Iteration[230/322], entropy: 0.5086, uncertainty: 1.8315, uncertainty_coeffi: 0.0100, loss: 0.2395, lr: 0.00e+00
     Epoch[0] Iteration[240/322], entropy: 0.3014, uncertainty: 1.7349, uncertainty_coeffi: 0.0100, loss: 0.1575, lr: 7.50e-06
     Epoch[0] Iteration[250/322], entropy: 0.4319, uncertainty: 1.8624, uncertainty_coeffi: 0.0100, loss: 0.2073, lr: 7.50e-06
     Epoch[0] Iteration[260/322], entropy: 0.2485, uncertainty: 1.7686, uncertainty_coeffi: 0.0100, loss: 0.1425, lr: 0.00e+00
     Epoch[0] Iteration[270/322], entropy: 0.5047, uncertainty: 2.0565, uncertainty_coeffi: 0.0100, loss: 0.2439, lr: 7.50e-06
     Epoch[0] Iteration[280/322], entropy: 0.3648, uncertainty: 1.8004, uncertainty_coeffi: 0.0100, loss: 0.1924, lr: 7.50e-06
     Epoch[0] Iteration[290/322], entropy: 0.1483, uncertainty: 1.8315, uncertainty_coeffi: 0.0100, loss: 0.0868, lr: 0.00e+00
     Epoch[0] Iteration[300/322], entropy: 0.1892, uncertainty: 1.6888, uncertainty_coeffi: 0.0100, loss: 0.1136, lr: 7.50e-06
     Epoch[0] Iteration[310/322], entropy: 0.2605, uncertainty: 1.7624, uncertainty_coeffi: 0.0100, loss: 0.1335, lr: 7.50e-06
     Epoch[0] Iteration[320/322], entropy: 0.3400, uncertainty: 1.9267, uncertainty_coeffi: 0.0100, loss: 0.1714, lr: 0.00e+00
     Averaged stats: entropy_avg: 0.2901, uncertainty_avg: 1.7793, uncertainty_coeffi_avg: 0.0100, loss_avg: 0.1513, lr_avg: 4.92e-06
     itm tta time 0:00:58
### TTA Eval Score: 
+-------+--------+--------+--------+--------+--------+
| epoch |   R1   |   R5   |  R10   |  mAP   |  mINP  |
+-------+--------+--------+--------+--------+--------+
|  -999 | 70.598 | 86.891 | 91.780 | 63.391 | 47.063 |
|   0   | 70.663 | 86.891 | 91.813 | 63.419 | 47.088 |
+-------+--------+--------+--------+--------+--------+
     logs:  {'epo': 0, 'R1': 70.663, 'R5': 86.891, 'R10': 91.813, 'mAP': 63.419, 'mINP': 47.088, 'entropy': 0.29007322480902076, 'uncertainty': 1.7792940102517605, 'uncertainty_coeffi': 0.009999999776482582, 'loss': 0.15125524578616023, 'lr': 4.921875000000002e-06}
     Epoch[1] Iteration[10/322], entropy: 0.2991, uncertainty: 1.6920, uncertainty_coeffi: 0.0100, loss: 0.1623, lr: 9.05e-06
     Epoch[1] Iteration[20/322], entropy: 0.2021, uncertainty: 1.6732, uncertainty_coeffi: 0.0100, loss: 0.1193, lr: 5.52e-06
     Epoch[1] Iteration[30/322], entropy: 0.1309, uncertainty: 1.8380, uncertainty_coeffi: 0.0100, loss: 0.0787, lr: 4.32e-07
     Epoch[1] Iteration[40/322], entropy: 0.5961, uncertainty: 2.0400, uncertainty_coeffi: 0.0100, loss: 0.2844, lr: 9.05e-06
     Epoch[1] Iteration[50/322], entropy: 0.3945, uncertainty: 1.8140, uncertainty_coeffi: 0.0100, loss: 0.1912, lr: 5.52e-06
     Epoch[1] Iteration[60/322], entropy: 0.1326, uncertainty: 1.7187, uncertainty_coeffi: 0.0100, loss: 0.0788, lr: 4.32e-07
     Epoch[1] Iteration[70/322], entropy: 0.3015, uncertainty: 1.7518, uncertainty_coeffi: 0.0100, loss: 0.1665, lr: 9.05e-06
     Epoch[1] Iteration[80/322], entropy: 0.2849, uncertainty: 1.8211, uncertainty_coeffi: 0.0100, loss: 0.1484, lr: 5.52e-06
     Epoch[1] Iteration[90/322], entropy: 0.2301, uncertainty: 1.6931, uncertainty_coeffi: 0.0100, loss: 0.1315, lr: 4.32e-07
     Epoch[1] Iteration[100/322], entropy: 0.3975, uncertainty: 1.9341, uncertainty_coeffi: 0.0100, loss: 0.1955, lr: 9.05e-06
     Epoch[1] Iteration[110/322], entropy: 0.2063, uncertainty: 1.8396, uncertainty_coeffi: 0.0100, loss: 0.1161, lr: 5.52e-06
     Epoch[1] Iteration[120/322], entropy: 0.4637, uncertainty: 1.8700, uncertainty_coeffi: 0.0100, loss: 0.2269, lr: 4.32e-07
     Epoch[1] Iteration[130/322], entropy: 0.2635, uncertainty: 1.8168, uncertainty_coeffi: 0.0100, loss: 0.1371, lr: 9.05e-06
     Epoch[1] Iteration[140/322], entropy: 0.1353, uncertainty: 1.6388, uncertainty_coeffi: 0.0100, loss: 0.0822, lr: 5.52e-06
     Epoch[1] Iteration[150/322], entropy: 0.2871, uncertainty: 1.7564, uncertainty_coeffi: 0.0100, loss: 0.1564, lr: 4.32e-07
     Epoch[1] Iteration[160/322], entropy: 0.2972, uncertainty: 1.7782, uncertainty_coeffi: 0.0100, loss: 0.1548, lr: 9.05e-06
     Epoch[1] Iteration[170/322], entropy: 0.2449, uncertainty: 1.7757, uncertainty_coeffi: 0.0100, loss: 0.1244, lr: 5.52e-06
     Epoch[1] Iteration[180/322], entropy: 0.2259, uncertainty: 1.8325, uncertainty_coeffi: 0.0100, loss: 0.1212, lr: 4.32e-07
     Epoch[1] Iteration[190/322], entropy: 0.1815, uncertainty: 1.7976, uncertainty_coeffi: 0.0100, loss: 0.1062, lr: 9.05e-06
     Epoch[1] Iteration[200/322], entropy: 0.3401, uncertainty: 1.8286, uncertainty_coeffi: 0.0100, loss: 0.1699, lr: 5.52e-06
     Epoch[1] Iteration[210/322], entropy: 0.2780, uncertainty: 1.8487, uncertainty_coeffi: 0.0100, loss: 0.1580, lr: 4.32e-07
     Epoch[1] Iteration[220/322], entropy: 0.2697, uncertainty: 1.9320, uncertainty_coeffi: 0.0100, loss: 0.1405, lr: 9.05e-06
     Epoch[1] Iteration[230/322], entropy: 0.2109, uncertainty: 1.7082, uncertainty_coeffi: 0.0100, loss: 0.1191, lr: 5.52e-06
     Epoch[1] Iteration[240/322], entropy: 0.3452, uncertainty: 1.8496, uncertainty_coeffi: 0.0100, loss: 0.1766, lr: 4.32e-07
     Epoch[1] Iteration[250/322], entropy: 0.1924, uncertainty: 1.7236, uncertainty_coeffi: 0.0100, loss: 0.1135, lr: 9.05e-06
     Epoch[1] Iteration[260/322], entropy: 0.2002, uncertainty: 1.8470, uncertainty_coeffi: 0.0100, loss: 0.1174, lr: 5.52e-06
     Epoch[1] Iteration[270/322], entropy: 0.2305, uncertainty: 1.8313, uncertainty_coeffi: 0.0100, loss: 0.1245, lr: 4.32e-07
     Epoch[1] Iteration[280/322], entropy: 0.3812, uncertainty: 1.8634, uncertainty_coeffi: 0.0100, loss: 0.1857, lr: 9.05e-06
     Epoch[1] Iteration[290/322], entropy: 0.3214, uncertainty: 1.8744, uncertainty_coeffi: 0.0100, loss: 0.1715, lr: 5.52e-06
     Epoch[1] Iteration[300/322], entropy: 0.4379, uncertainty: 1.8427, uncertainty_coeffi: 0.0100, loss: 0.2216, lr: 4.32e-07
     Epoch[1] Iteration[310/322], entropy: 0.1866, uncertainty: 1.6842, uncertainty_coeffi: 0.0100, loss: 0.1045, lr: 9.05e-06
     Epoch[1] Iteration[320/322], entropy: 0.3955, uncertainty: 1.9031, uncertainty_coeffi: 0.0100, loss: 0.1924, lr: 5.52e-06
     Averaged stats: entropy_avg: 0.2833, uncertainty_avg: 1.8068, uncertainty_coeffi_avg: 0.0100, loss_avg: 0.1493, lr_avg: 5.14e-06
     itm tta time 0:00:59
### TTA Eval Score: 
+-------+--------+--------+--------+--------+--------+
| epoch |   R1   |   R5   |  R10   |  mAP   |  mINP  |
+-------+--------+--------+--------+--------+--------+
|  -999 | 70.598 | 86.891 | 91.780 | 63.391 | 47.063 |
|   0   | 70.663 | 86.891 | 91.813 | 63.419 | 47.088 |
|   1   | 70.630 | 86.956 | 91.829 | 63.419 | 47.125 |
+-------+--------+--------+--------+--------+--------+
     logs:  {'epo': 1, 'R1': 70.63, 'R5': 86.956, 'R10': 91.829, 'mAP': 63.419, 'mINP': 47.125, 'entropy': 0.283260281663388, 'uncertainty': 1.8068261183798313, 'uncertainty_coeffi': 0.009999999776482582, 'loss': 0.1492841390427202, 'lr': 5.142741477756646e-06}
     Epoch[2] Iteration[10/322], entropy: 0.2529, uncertainty: 1.6685, uncertainty_coeffi: 0.0100, loss: 0.1400, lr: 1.65e-06
     Epoch[2] Iteration[20/322], entropy: 0.2510, uncertainty: 1.8570, uncertainty_coeffi: 0.0100, loss: 0.1298, lr: 9.89e-06
     Epoch[2] Iteration[30/322], entropy: 0.2863, uncertainty: 1.6961, uncertainty_coeffi: 0.0100, loss: 0.1508, lr: 3.45e-06
     Epoch[2] Iteration[40/322], entropy: 0.2684, uncertainty: 1.7125, uncertainty_coeffi: 0.0100, loss: 0.1349, lr: 1.65e-06
     Epoch[2] Iteration[50/322], entropy: 0.1412, uncertainty: 1.7084, uncertainty_coeffi: 0.0100, loss: 0.0891, lr: 9.89e-06
     Epoch[2] Iteration[60/322], entropy: 0.1281, uncertainty: 1.7404, uncertainty_coeffi: 0.0100, loss: 0.0838, lr: 3.45e-06
     Epoch[2] Iteration[70/322], entropy: 0.1707, uncertainty: 1.8067, uncertainty_coeffi: 0.0100, loss: 0.1017, lr: 1.65e-06
     Epoch[2] Iteration[80/322], entropy: 0.3550, uncertainty: 1.8476, uncertainty_coeffi: 0.0100, loss: 0.1668, lr: 9.89e-06
     Epoch[2] Iteration[90/322], entropy: 0.3804, uncertainty: 1.9425, uncertainty_coeffi: 0.0100, loss: 0.1964, lr: 3.45e-06
     Epoch[2] Iteration[100/322], entropy: 0.2843, uncertainty: 1.8858, uncertainty_coeffi: 0.0100, loss: 0.1567, lr: 1.65e-06
     Epoch[2] Iteration[110/322], entropy: 0.2300, uncertainty: 1.7727, uncertainty_coeffi: 0.0100, loss: 0.1252, lr: 9.89e-06
     Epoch[2] Iteration[120/322], entropy: 0.2777, uncertainty: 1.8400, uncertainty_coeffi: 0.0100, loss: 0.1438, lr: 3.45e-06
     Epoch[2] Iteration[130/322], entropy: 0.2645, uncertainty: 1.7903, uncertainty_coeffi: 0.0100, loss: 0.1362, lr: 1.65e-06
     Epoch[2] Iteration[140/322], entropy: 0.3027, uncertainty: 1.8106, uncertainty_coeffi: 0.0100, loss: 0.1595, lr: 9.89e-06
     Epoch[2] Iteration[150/322], entropy: 0.1015, uncertainty: 1.6965, uncertainty_coeffi: 0.0100, loss: 0.0678, lr: 3.45e-06
     Epoch[2] Iteration[160/322], entropy: 0.2698, uncertainty: 1.7444, uncertainty_coeffi: 0.0100, loss: 0.1412, lr: 1.65e-06
     Epoch[2] Iteration[170/322], entropy: 0.3593, uncertainty: 1.8768, uncertainty_coeffi: 0.0100, loss: 0.1728, lr: 9.89e-06
     Epoch[2] Iteration[180/322], entropy: 0.4206, uncertainty: 1.8859, uncertainty_coeffi: 0.0100, loss: 0.2002, lr: 3.45e-06
     Epoch[2] Iteration[190/322], entropy: 0.2612, uncertainty: 1.7963, uncertainty_coeffi: 0.0100, loss: 0.1429, lr: 1.65e-06
     Epoch[2] Iteration[200/322], entropy: 0.2591, uncertainty: 1.8372, uncertainty_coeffi: 0.0100, loss: 0.1346, lr: 9.89e-06
     Epoch[2] Iteration[210/322], entropy: 0.1374, uncertainty: 1.7215, uncertainty_coeffi: 0.0100, loss: 0.0827, lr: 3.45e-06
     Epoch[2] Iteration[220/322], entropy: 0.3725, uncertainty: 1.9197, uncertainty_coeffi: 0.0100, loss: 0.1803, lr: 1.65e-06
     Epoch[2] Iteration[230/322], entropy: 0.3832, uncertainty: 1.8491, uncertainty_coeffi: 0.0100, loss: 0.1890, lr: 9.89e-06
     Epoch[2] Iteration[240/322], entropy: 0.2476, uncertainty: 1.5916, uncertainty_coeffi: 0.0100, loss: 0.1314, lr: 3.45e-06
     Epoch[2] Iteration[250/322], entropy: 0.2603, uncertainty: 1.7040, uncertainty_coeffi: 0.0100, loss: 0.1444, lr: 1.65e-06
     Epoch[2] Iteration[260/322], entropy: 0.3905, uncertainty: 1.8224, uncertainty_coeffi: 0.0100, loss: 0.1937, lr: 9.89e-06
     Epoch[2] Iteration[270/322], entropy: 0.3518, uncertainty: 1.8376, uncertainty_coeffi: 0.0100, loss: 0.1782, lr: 3.45e-06
     Epoch[2] Iteration[280/322], entropy: 0.3087, uncertainty: 1.9121, uncertainty_coeffi: 0.0100, loss: 0.1614, lr: 1.65e-06
     Epoch[2] Iteration[290/322], entropy: 0.4620, uncertainty: 1.9577, uncertainty_coeffi: 0.0100, loss: 0.2295, lr: 9.89e-06
     Epoch[2] Iteration[300/322], entropy: 0.2993, uncertainty: 1.8531, uncertainty_coeffi: 0.0100, loss: 0.1509, lr: 3.45e-06
     Epoch[2] Iteration[310/322], entropy: 0.0965, uncertainty: 1.6861, uncertainty_coeffi: 0.0100, loss: 0.0657, lr: 1.65e-06
     Epoch[2] Iteration[320/322], entropy: 0.3040, uncertainty: 1.7320, uncertainty_coeffi: 0.0100, loss: 0.1635, lr: 9.89e-06
     Averaged stats: entropy_avg: 0.2775, uncertainty_avg: 1.7970, uncertainty_coeffi_avg: 0.0100, loss_avg: 0.1452, lr_avg: 5.05e-06
     itm tta time 0:00:59
### TTA Eval Score: 
+-------+--------+--------+--------+--------+--------+
| epoch |   R1   |   R5   |  R10   |  mAP   |  mINP  |
+-------+--------+--------+--------+--------+--------+
|  -999 | 70.598 | 86.891 | 91.780 | 63.391 | 47.063 |
|   0   | 70.663 | 86.891 | 91.813 | 63.419 | 47.088 |
|   1   | 70.630 | 86.956 | 91.829 | 63.419 | 47.125 |
|   2   | 70.630 | 86.923 | 91.797 | 63.437 | 47.152 |
+-------+--------+--------+--------+--------+--------+
     logs:  {'epo': 2, 'R1': 70.63, 'R5': 86.923, 'R10': 91.797, 'mAP': 63.437, 'mINP': 47.152, 'entropy': 0.277457102201879, 'uncertainty': 1.7969711795449257, 'uncertainty_coeffi': 0.009999999776482582, 'loss': 0.14515580632723868, 'lr': 5.04828390537107e-06}
     Epoch[3] Iteration[10/322], entropy: 0.4861, uncertainty: 1.9113, uncertainty_coeffi: 0.0100, loss: 0.2336, lr: 1.65e-06
     Epoch[3] Iteration[20/322], entropy: 0.1330, uncertainty: 1.8439, uncertainty_coeffi: 0.0100, loss: 0.0808, lr: 3.45e-06
     Epoch[3] Iteration[30/322], entropy: 0.3500, uncertainty: 1.8250, uncertainty_coeffi: 0.0100, loss: 0.1785, lr: 9.89e-06
     Epoch[3] Iteration[40/322], entropy: 0.1532, uncertainty: 1.7385, uncertainty_coeffi: 0.0100, loss: 0.0917, lr: 1.65e-06
     Epoch[3] Iteration[50/322], entropy: 0.1501, uncertainty: 1.5760, uncertainty_coeffi: 0.0100, loss: 0.0911, lr: 3.45e-06
     Epoch[3] Iteration[60/322], entropy: 0.1972, uncertainty: 1.5690, uncertainty_coeffi: 0.0100, loss: 0.1047, lr: 9.89e-06
     Epoch[3] Iteration[70/322], entropy: 0.1333, uncertainty: 1.6235, uncertainty_coeffi: 0.0100, loss: 0.0856, lr: 1.65e-06
     Epoch[3] Iteration[80/322], entropy: 0.3436, uncertainty: 1.8565, uncertainty_coeffi: 0.0100, loss: 0.1850, lr: 3.45e-06
     Epoch[3] Iteration[90/322], entropy: 0.2533, uncertainty: 1.8980, uncertainty_coeffi: 0.0100, loss: 0.1367, lr: 9.89e-06
     Epoch[3] Iteration[100/322], entropy: 0.6640, uncertainty: 1.9759, uncertainty_coeffi: 0.0100, loss: 0.3261, lr: 1.65e-06
     Epoch[3] Iteration[110/322], entropy: 0.2014, uncertainty: 1.7877, uncertainty_coeffi: 0.0100, loss: 0.1144, lr: 3.45e-06
     Epoch[3] Iteration[120/322], entropy: 0.1511, uncertainty: 1.6607, uncertainty_coeffi: 0.0100, loss: 0.0895, lr: 9.89e-06
     Epoch[3] Iteration[130/322], entropy: 0.5275, uncertainty: 1.9681, uncertainty_coeffi: 0.0100, loss: 0.2491, lr: 1.65e-06
     Epoch[3] Iteration[140/322], entropy: 0.1783, uncertainty: 1.6327, uncertainty_coeffi: 0.0100, loss: 0.1039, lr: 3.45e-06
     Epoch[3] Iteration[150/322], entropy: 0.4078, uncertainty: 1.8312, uncertainty_coeffi: 0.0100, loss: 0.2090, lr: 9.89e-06
     Epoch[3] Iteration[160/322], entropy: 0.3822, uncertainty: 1.8736, uncertainty_coeffi: 0.0100, loss: 0.1889, lr: 1.65e-06
     Epoch[3] Iteration[170/322], entropy: 0.2013, uncertainty: 1.6903, uncertainty_coeffi: 0.0100, loss: 0.1153, lr: 3.45e-06
     Epoch[3] Iteration[180/322], entropy: 0.1790, uncertainty: 1.8114, uncertainty_coeffi: 0.0100, loss: 0.1031, lr: 9.89e-06
     Epoch[3] Iteration[190/322], entropy: 0.1537, uncertainty: 1.6661, uncertainty_coeffi: 0.0100, loss: 0.0974, lr: 1.65e-06
     Epoch[3] Iteration[200/322], entropy: 0.2167, uncertainty: 1.6633, uncertainty_coeffi: 0.0100, loss: 0.1209, lr: 3.45e-06
     Epoch[3] Iteration[210/322], entropy: 0.1817, uncertainty: 1.6082, uncertainty_coeffi: 0.0100, loss: 0.1160, lr: 9.89e-06
     Epoch[3] Iteration[220/322], entropy: 0.2164, uncertainty: 1.8171, uncertainty_coeffi: 0.0100, loss: 0.1155, lr: 1.65e-06
     Epoch[3] Iteration[230/322], entropy: 0.2139, uncertainty: 1.9114, uncertainty_coeffi: 0.0100, loss: 0.1164, lr: 3.45e-06
     Epoch[3] Iteration[240/322], entropy: 0.2230, uncertainty: 1.6343, uncertainty_coeffi: 0.0100, loss: 0.1285, lr: 9.89e-06
     Epoch[3] Iteration[250/322], entropy: 0.1831, uncertainty: 1.7430, uncertainty_coeffi: 0.0100, loss: 0.0975, lr: 1.65e-06
     Epoch[3] Iteration[260/322], entropy: 0.1533, uncertainty: 1.6717, uncertainty_coeffi: 0.0100, loss: 0.0923, lr: 3.45e-06
     Epoch[3] Iteration[270/322], entropy: 0.2690, uncertainty: 1.7262, uncertainty_coeffi: 0.0100, loss: 0.1376, lr: 9.89e-06
     Epoch[3] Iteration[280/322], entropy: 0.3110, uncertainty: 1.7749, uncertainty_coeffi: 0.0100, loss: 0.1605, lr: 1.65e-06
     Epoch[3] Iteration[290/322], entropy: 0.2613, uncertainty: 1.8215, uncertainty_coeffi: 0.0100, loss: 0.1380, lr: 3.45e-06
     Epoch[3] Iteration[300/322], entropy: 0.3235, uncertainty: 1.7874, uncertainty_coeffi: 0.0100, loss: 0.1574, lr: 9.89e-06
     Epoch[3] Iteration[310/322], entropy: 0.3582, uncertainty: 1.8082, uncertainty_coeffi: 0.0100, loss: 0.1826, lr: 1.65e-06
     Epoch[3] Iteration[320/322], entropy: 0.3970, uncertainty: 1.8661, uncertainty_coeffi: 0.0100, loss: 0.1979, lr: 3.45e-06
     Averaged stats: entropy_avg: 0.2673, uncertainty_avg: 1.7679, uncertainty_coeffi_avg: 0.0100, loss_avg: 0.1420, lr_avg: 4.85e-06
     itm tta time 0:00:59
     Epoch[4] Iteration[10/322], entropy: 0.4300, uncertainty: 1.9214, uncertainty_coeffi: 0.0100, loss: 0.2094, lr: 9.05e-06
     Epoch[4] Iteration[20/322], entropy: 0.1549, uncertainty: 1.6873, uncertainty_coeffi: 0.0100, loss: 0.0899, lr: 4.32e-07
     Epoch[4] Iteration[30/322], entropy: 0.3596, uncertainty: 1.8310, uncertainty_coeffi: 0.0100, loss: 0.1856, lr: 5.52e-06
     Epoch[4] Iteration[40/322], entropy: 0.2828, uncertainty: 1.8563, uncertainty_coeffi: 0.0100, loss: 0.1503, lr: 9.05e-06
     Epoch[4] Iteration[50/322], entropy: 0.3115, uncertainty: 1.7039, uncertainty_coeffi: 0.0100, loss: 0.1704, lr: 4.32e-07
     Epoch[4] Iteration[60/322], entropy: 0.2421, uncertainty: 1.7722, uncertainty_coeffi: 0.0100, loss: 0.1281, lr: 5.52e-06
     Epoch[4] Iteration[70/322], entropy: 0.1376, uncertainty: 1.7928, uncertainty_coeffi: 0.0100, loss: 0.0848, lr: 9.05e-06
     Epoch[4] Iteration[80/322], entropy: 0.1338, uncertainty: 1.7621, uncertainty_coeffi: 0.0100, loss: 0.0782, lr: 4.32e-07
     Epoch[4] Iteration[90/322], entropy: 0.4901, uncertainty: 1.9512, uncertainty_coeffi: 0.0100, loss: 0.2338, lr: 5.52e-06
     Epoch[4] Iteration[100/322], entropy: 0.1177, uncertainty: 1.7485, uncertainty_coeffi: 0.0100, loss: 0.0731, lr: 9.05e-06
     Epoch[4] Iteration[110/322], entropy: 0.1571, uncertainty: 1.7531, uncertainty_coeffi: 0.0100, loss: 0.0949, lr: 4.32e-07
     Epoch[4] Iteration[120/322], entropy: 0.3247, uncertainty: 1.8578, uncertainty_coeffi: 0.0100, loss: 0.1640, lr: 5.52e-06
     Epoch[4] Iteration[130/322], entropy: 0.2408, uncertainty: 1.7403, uncertainty_coeffi: 0.0100, loss: 0.1290, lr: 9.05e-06
     Epoch[4] Iteration[140/322], entropy: 0.4299, uncertainty: 1.8053, uncertainty_coeffi: 0.0100, loss: 0.2099, lr: 4.32e-07
     Epoch[4] Iteration[150/322], entropy: 0.3988, uncertainty: 1.8698, uncertainty_coeffi: 0.0100, loss: 0.2033, lr: 5.52e-06
     Epoch[4] Iteration[160/322], entropy: 0.1266, uncertainty: 1.6478, uncertainty_coeffi: 0.0100, loss: 0.0837, lr: 9.05e-06
     Epoch[4] Iteration[170/322], entropy: 0.3233, uncertainty: 1.8557, uncertainty_coeffi: 0.0100, loss: 0.1641, lr: 4.32e-07
     Epoch[4] Iteration[180/322], entropy: 0.3090, uncertainty: 1.8080, uncertainty_coeffi: 0.0100, loss: 0.1602, lr: 5.52e-06
     Epoch[4] Iteration[190/322], entropy: 0.2596, uncertainty: 1.7483, uncertainty_coeffi: 0.0100, loss: 0.1360, lr: 9.05e-06
     Epoch[4] Iteration[200/322], entropy: 0.4387, uncertainty: 1.8250, uncertainty_coeffi: 0.0100, loss: 0.2119, lr: 4.32e-07
     Epoch[4] Iteration[210/322], entropy: 0.2070, uncertainty: 1.7389, uncertainty_coeffi: 0.0100, loss: 0.1168, lr: 5.52e-06
     Epoch[4] Iteration[220/322], entropy: 0.2245, uncertainty: 1.7659, uncertainty_coeffi: 0.0100, loss: 0.1313, lr: 9.05e-06
     Epoch[4] Iteration[230/322], entropy: 0.2835, uncertainty: 1.7191, uncertainty_coeffi: 0.0100, loss: 0.1498, lr: 4.32e-07
     Epoch[4] Iteration[240/322], entropy: 0.1032, uncertainty: 1.6839, uncertainty_coeffi: 0.0100, loss: 0.0677, lr: 5.52e-06
     Epoch[4] Iteration[250/322], entropy: 0.3662, uncertainty: 1.9526, uncertainty_coeffi: 0.0100, loss: 0.1829, lr: 9.05e-06
     Epoch[4] Iteration[260/322], entropy: 0.2459, uncertainty: 1.6995, uncertainty_coeffi: 0.0100, loss: 0.1342, lr: 4.32e-07
     Epoch[4] Iteration[270/322], entropy: 0.1651, uncertainty: 1.8170, uncertainty_coeffi: 0.0100, loss: 0.0995, lr: 5.52e-06
     Epoch[4] Iteration[280/322], entropy: 0.2873, uncertainty: 1.6556, uncertainty_coeffi: 0.0100, loss: 0.1547, lr: 9.05e-06
     Epoch[4] Iteration[290/322], entropy: 0.3594, uncertainty: 1.9339, uncertainty_coeffi: 0.0100, loss: 0.1908, lr: 4.32e-07
     Epoch[4] Iteration[300/322], entropy: 0.2661, uncertainty: 1.8270, uncertainty_coeffi: 0.0100, loss: 0.1479, lr: 5.52e-06
     Epoch[4] Iteration[310/322], entropy: 0.2709, uncertainty: 1.8785, uncertainty_coeffi: 0.0100, loss: 0.1386, lr: 9.05e-06
     Epoch[4] Iteration[320/322], entropy: 0.2347, uncertainty: 1.7173, uncertainty_coeffi: 0.0100, loss: 0.1261, lr: 4.32e-07
     Averaged stats: entropy_avg: 0.2713, uncertainty_avg: 1.7915, uncertainty_coeffi_avg: 0.0100, loss_avg: 0.1438, lr_avg: 4.98e-06
     itm tta time 0:00:59
### TTA Eval Score: 
+-------+--------+--------+--------+--------+--------+
| epoch |   R1   |   R5   |  R10   |  mAP   |  mINP  |
+-------+--------+--------+--------+--------+--------+
|  -999 | 70.598 | 86.891 | 91.780 | 63.391 | 47.063 |
|   0   | 70.663 | 86.891 | 91.813 | 63.419 | 47.088 |
|   1   | 70.630 | 86.956 | 91.829 | 63.419 | 47.125 |
|   2   | 70.630 | 86.923 | 91.797 | 63.437 | 47.152 |
|   4   | 70.760 | 86.810 | 91.829 | 63.470 | 47.186 |
+-------+--------+--------+--------+--------+--------+
     logs:  {'epo': 4, 'R1': 70.76, 'R5': 86.81, 'R10': 91.829, 'mAP': 63.47, 'mINP': 47.186, 'entropy': 0.27132963901385665, 'uncertainty': 1.7914672568440437, 'uncertainty_coeffi': 0.009999999776482582, 'loss': 0.14378377282992005, 'lr': 4.98366742761443e-06}
     Epoch[5] Iteration[10/322], entropy: 0.3200, uncertainty: 1.8170, uncertainty_coeffi: 0.0100, loss: 0.1644, lr: 7.50e-06
     Epoch[5] Iteration[20/322], entropy: 0.3133, uncertainty: 1.8278, uncertainty_coeffi: 0.0100, loss: 0.1635, lr: 7.50e-06
     Epoch[5] Iteration[30/322], entropy: 0.2993, uncertainty: 1.7855, uncertainty_coeffi: 0.0100, loss: 0.1511, lr: 0.00e+00
     Epoch[5] Iteration[40/322], entropy: 0.3095, uncertainty: 1.8464, uncertainty_coeffi: 0.0100, loss: 0.1597, lr: 7.50e-06
     Epoch[5] Iteration[50/322], entropy: 0.2445, uncertainty: 1.7369, uncertainty_coeffi: 0.0100, loss: 0.1471, lr: 7.50e-06
     Epoch[5] Iteration[60/322], entropy: 0.4962, uncertainty: 1.9071, uncertainty_coeffi: 0.0100, loss: 0.2336, lr: 0.00e+00
     Epoch[5] Iteration[70/322], entropy: 0.1916, uncertainty: 1.7831, uncertainty_coeffi: 0.0100, loss: 0.1136, lr: 7.50e-06
     Epoch[5] Iteration[80/322], entropy: 0.2555, uncertainty: 1.7459, uncertainty_coeffi: 0.0100, loss: 0.1403, lr: 7.50e-06
     Epoch[5] Iteration[90/322], entropy: 0.4778, uncertainty: 1.8772, uncertainty_coeffi: 0.0100, loss: 0.2351, lr: 0.00e+00
     Epoch[5] Iteration[100/322], entropy: 0.3155, uncertainty: 1.7862, uncertainty_coeffi: 0.0100, loss: 0.1596, lr: 7.50e-06
     Epoch[5] Iteration[110/322], entropy: 0.2114, uncertainty: 1.6367, uncertainty_coeffi: 0.0100, loss: 0.1221, lr: 7.50e-06
     Epoch[5] Iteration[120/322], entropy: 0.1630, uncertainty: 1.7620, uncertainty_coeffi: 0.0100, loss: 0.0887, lr: 0.00e+00
     Epoch[5] Iteration[130/322], entropy: 0.2131, uncertainty: 1.7170, uncertainty_coeffi: 0.0100, loss: 0.1163, lr: 7.50e-06
     Epoch[5] Iteration[140/322], entropy: 0.1484, uncertainty: 1.6314, uncertainty_coeffi: 0.0100, loss: 0.0896, lr: 7.50e-06
     Epoch[5] Iteration[150/322], entropy: 0.3295, uncertainty: 1.7944, uncertainty_coeffi: 0.0100, loss: 0.1680, lr: 0.00e+00
     Epoch[5] Iteration[160/322], entropy: 0.3897, uncertainty: 1.8381, uncertainty_coeffi: 0.0100, loss: 0.1865, lr: 7.50e-06
     Epoch[5] Iteration[170/322], entropy: 0.3706, uncertainty: 1.8766, uncertainty_coeffi: 0.0100, loss: 0.1837, lr: 7.50e-06
     Epoch[5] Iteration[180/322], entropy: 0.2231, uncertainty: 1.7932, uncertainty_coeffi: 0.0100, loss: 0.1194, lr: 0.00e+00
     Epoch[5] Iteration[190/322], entropy: 0.2671, uncertainty: 1.8547, uncertainty_coeffi: 0.0100, loss: 0.1434, lr: 7.50e-06
     Epoch[5] Iteration[200/322], entropy: 0.3958, uncertainty: 1.8505, uncertainty_coeffi: 0.0100, loss: 0.1943, lr: 7.50e-06
     Epoch[5] Iteration[210/322], entropy: 0.2378, uncertainty: 1.7810, uncertainty_coeffi: 0.0100, loss: 0.1282, lr: 0.00e+00
     Epoch[5] Iteration[220/322], entropy: 0.2074, uncertainty: 1.8731, uncertainty_coeffi: 0.0100, loss: 0.1195, lr: 7.50e-06
     Epoch[5] Iteration[230/322], entropy: 0.1351, uncertainty: 1.6448, uncertainty_coeffi: 0.0100, loss: 0.0814, lr: 7.50e-06
     Epoch[5] Iteration[240/322], entropy: 0.2439, uncertainty: 1.7731, uncertainty_coeffi: 0.0100, loss: 0.1272, lr: 0.00e+00
     Epoch[5] Iteration[250/322], entropy: 0.2782, uncertainty: 1.8371, uncertainty_coeffi: 0.0100, loss: 0.1483, lr: 7.50e-06
     Epoch[5] Iteration[260/322], entropy: 0.3579, uncertainty: 1.8574, uncertainty_coeffi: 0.0100, loss: 0.1784, lr: 7.50e-06
     Epoch[5] Iteration[270/322], entropy: 0.1304, uncertainty: 1.7418, uncertainty_coeffi: 0.0100, loss: 0.0862, lr: 0.00e+00
     Epoch[5] Iteration[280/322], entropy: 0.2679, uncertainty: 1.7850, uncertainty_coeffi: 0.0100, loss: 0.1452, lr: 7.50e-06
     Epoch[5] Iteration[290/322], entropy: 0.2250, uncertainty: 1.8880, uncertainty_coeffi: 0.0100, loss: 0.1191, lr: 7.50e-06
     Epoch[5] Iteration[300/322], entropy: 0.2711, uncertainty: 1.7250, uncertainty_coeffi: 0.0100, loss: 0.1527, lr: 0.00e+00
     Epoch[5] Iteration[310/322], entropy: 0.0878, uncertainty: 1.7263, uncertainty_coeffi: 0.0100, loss: 0.0619, lr: 7.50e-06
     Epoch[5] Iteration[320/322], entropy: 0.2775, uncertainty: 1.7916, uncertainty_coeffi: 0.0100, loss: 0.1534, lr: 7.50e-06
     Averaged stats: entropy_avg: 0.2705, uncertainty_avg: 1.7904, uncertainty_coeffi_avg: 0.0100, loss_avg: 0.1432, lr_avg: 5.16e-06
     itm tta time 0:00:59
     Epoch[6] Iteration[10/322], entropy: 0.2233, uncertainty: 1.6928, uncertainty_coeffi: 0.0100, loss: 0.1264, lr: 4.32e-07
     Epoch[6] Iteration[20/322], entropy: 0.3732, uncertainty: 1.8723, uncertainty_coeffi: 0.0100, loss: 0.1885, lr: 9.05e-06
     Epoch[6] Iteration[30/322], entropy: 0.3371, uncertainty: 1.9263, uncertainty_coeffi: 0.0100, loss: 0.1775, lr: 5.52e-06
     Epoch[6] Iteration[40/322], entropy: 0.1432, uncertainty: 1.7394, uncertainty_coeffi: 0.0100, loss: 0.0862, lr: 4.32e-07
     Epoch[6] Iteration[50/322], entropy: 0.2675, uncertainty: 1.8409, uncertainty_coeffi: 0.0100, loss: 0.1427, lr: 9.05e-06
     Epoch[6] Iteration[60/322], entropy: 0.2411, uncertainty: 1.9100, uncertainty_coeffi: 0.0100, loss: 0.1350, lr: 5.52e-06
     Epoch[6] Iteration[70/322], entropy: 0.2731, uncertainty: 1.6993, uncertainty_coeffi: 0.0100, loss: 0.1549, lr: 1.09e-07
     Epoch[6] Iteration[80/322], entropy: 0.2748, uncertainty: 1.6893, uncertainty_coeffi: 0.0100, loss: 0.1509, lr: 8.35e-06
     Epoch[6] Iteration[90/322], entropy: 0.2341, uncertainty: 1.7457, uncertainty_coeffi: 0.0100, loss: 0.1246, lr: 6.55e-06
     Epoch[6] Iteration[100/322], entropy: 0.4064, uncertainty: 1.7866, uncertainty_coeffi: 0.0100, loss: 0.2012, lr: 1.09e-07
     Epoch[6] Iteration[110/322], entropy: 0.2831, uncertainty: 1.6869, uncertainty_coeffi: 0.0100, loss: 0.1455, lr: 8.35e-06
     Epoch[6] Iteration[120/322], entropy: 0.2483, uncertainty: 1.8477, uncertainty_coeffi: 0.0100, loss: 0.1331, lr: 6.55e-06
     Epoch[6] Iteration[130/322], entropy: 0.1880, uncertainty: 1.7315, uncertainty_coeffi: 0.0100, loss: 0.1100, lr: 1.09e-07
     Epoch[6] Iteration[140/322], entropy: 0.2573, uncertainty: 1.7247, uncertainty_coeffi: 0.0100, loss: 0.1457, lr: 8.35e-06
     Epoch[6] Iteration[150/322], entropy: 0.3271, uncertainty: 1.7604, uncertainty_coeffi: 0.0100, loss: 0.1629, lr: 6.55e-06
     Epoch[6] Iteration[160/322], entropy: 0.2542, uncertainty: 1.8460, uncertainty_coeffi: 0.0100, loss: 0.1330, lr: 1.09e-07
     Epoch[6] Iteration[170/322], entropy: 0.2400, uncertainty: 1.7932, uncertainty_coeffi: 0.0100, loss: 0.1263, lr: 8.35e-06
     Epoch[6] Iteration[180/322], entropy: 0.2870, uncertainty: 1.8912, uncertainty_coeffi: 0.0100, loss: 0.1500, lr: 6.55e-06
     Epoch[6] Iteration[190/322], entropy: 0.0951, uncertainty: 1.7498, uncertainty_coeffi: 0.0100, loss: 0.0653, lr: 1.09e-07
     Epoch[6] Iteration[200/322], entropy: 0.3034, uncertainty: 1.7776, uncertainty_coeffi: 0.0100, loss: 0.1567, lr: 8.35e-06
     Epoch[6] Iteration[210/322], entropy: 0.1735, uncertainty: 1.7672, uncertainty_coeffi: 0.0100, loss: 0.1016, lr: 6.55e-06
     Epoch[6] Iteration[220/322], entropy: 0.4080, uncertainty: 1.8870, uncertainty_coeffi: 0.0100, loss: 0.1937, lr: 1.09e-07
     Epoch[6] Iteration[230/322], entropy: 0.1597, uncertainty: 1.6882, uncertainty_coeffi: 0.0100, loss: 0.0933, lr: 8.35e-06
     Epoch[6] Iteration[240/322], entropy: 0.2180, uncertainty: 1.6926, uncertainty_coeffi: 0.0100, loss: 0.1208, lr: 6.55e-06
     Epoch[6] Iteration[250/322], entropy: 0.5283, uncertainty: 2.0334, uncertainty_coeffi: 0.0100, loss: 0.2578, lr: 1.09e-07
     Epoch[6] Iteration[260/322], entropy: 0.3169, uncertainty: 1.8297, uncertainty_coeffi: 0.0100, loss: 0.1697, lr: 8.35e-06
     Epoch[6] Iteration[270/322], entropy: 0.2148, uncertainty: 1.7687, uncertainty_coeffi: 0.0100, loss: 0.1210, lr: 6.55e-06
     Epoch[6] Iteration[280/322], entropy: 0.4025, uncertainty: 1.9181, uncertainty_coeffi: 0.0100, loss: 0.1961, lr: 1.09e-07
     Epoch[6] Iteration[290/322], entropy: 0.4026, uncertainty: 1.9504, uncertainty_coeffi: 0.0100, loss: 0.1982, lr: 8.35e-06
     Epoch[6] Iteration[300/322], entropy: 0.0917, uncertainty: 1.6171, uncertainty_coeffi: 0.0100, loss: 0.0626, lr: 6.55e-06
     Epoch[6] Iteration[310/322], entropy: 0.4595, uncertainty: 1.9029, uncertainty_coeffi: 0.0100, loss: 0.2242, lr: 1.09e-07
     Epoch[6] Iteration[320/322], entropy: 0.1998, uncertainty: 1.7406, uncertainty_coeffi: 0.0100, loss: 0.1101, lr: 8.35e-06
     Averaged stats: entropy_avg: 0.2760, uncertainty_avg: 1.7971, uncertainty_coeffi_avg: 0.0100, loss_avg: 0.1458, lr_avg: 4.95e-06
     itm tta time 0:00:59
     Epoch[7] Iteration[10/322], entropy: 0.2349, uncertainty: 1.8884, uncertainty_coeffi: 0.0100, loss: 0.1314, lr: 4.48e-06
     Epoch[7] Iteration[20/322], entropy: 0.3452, uncertainty: 1.8808, uncertainty_coeffi: 0.0100, loss: 0.1819, lr: 9.55e-07
     Epoch[7] Iteration[30/322], entropy: 0.2070, uncertainty: 1.8279, uncertainty_coeffi: 0.0100, loss: 0.1145, lr: 9.57e-06
     Epoch[7] Iteration[40/322], entropy: 0.3398, uncertainty: 1.8024, uncertainty_coeffi: 0.0100, loss: 0.1673, lr: 4.48e-06
     Epoch[7] Iteration[50/322], entropy: 0.2644, uncertainty: 1.7087, uncertainty_coeffi: 0.0100, loss: 0.1417, lr: 9.55e-07
     Epoch[7] Iteration[60/322], entropy: 0.1389, uncertainty: 1.8306, uncertainty_coeffi: 0.0100, loss: 0.0863, lr: 9.57e-06
     Epoch[7] Iteration[70/322], entropy: 0.2567, uncertainty: 1.7819, uncertainty_coeffi: 0.0100, loss: 0.1365, lr: 4.48e-06
     Epoch[7] Iteration[80/322], entropy: 0.4945, uncertainty: 1.8041, uncertainty_coeffi: 0.0100, loss: 0.2310, lr: 9.55e-07
     Epoch[7] Iteration[90/322], entropy: 0.3223, uncertainty: 1.8251, uncertainty_coeffi: 0.0100, loss: 0.1680, lr: 9.57e-06
     Epoch[7] Iteration[100/322], entropy: 0.2019, uncertainty: 1.8364, uncertainty_coeffi: 0.0100, loss: 0.1140, lr: 4.48e-06
     Epoch[7] Iteration[110/322], entropy: 0.1791, uncertainty: 1.7878, uncertainty_coeffi: 0.0100, loss: 0.1051, lr: 9.55e-07
     Epoch[7] Iteration[120/322], entropy: 0.5119, uncertainty: 1.8998, uncertainty_coeffi: 0.0100, loss: 0.2489, lr: 9.57e-06
     Epoch[7] Iteration[130/322], entropy: 0.2707, uncertainty: 1.8492, uncertainty_coeffi: 0.0100, loss: 0.1432, lr: 4.48e-06
     Epoch[7] Iteration[140/322], entropy: 0.3023, uncertainty: 1.7964, uncertainty_coeffi: 0.0100, loss: 0.1522, lr: 9.55e-07
     Epoch[7] Iteration[150/322], entropy: 0.4477, uncertainty: 1.9486, uncertainty_coeffi: 0.0100, loss: 0.2245, lr: 9.57e-06
     Epoch[7] Iteration[160/322], entropy: 0.0665, uncertainty: 1.6702, uncertainty_coeffi: 0.0100, loss: 0.0523, lr: 4.48e-06
     Epoch[7] Iteration[170/322], entropy: 0.3156, uncertainty: 1.7359, uncertainty_coeffi: 0.0100, loss: 0.1706, lr: 9.55e-07
     Epoch[7] Iteration[180/322], entropy: 0.2936, uncertainty: 1.8102, uncertainty_coeffi: 0.0100, loss: 0.1497, lr: 9.57e-06
     Epoch[7] Iteration[190/322], entropy: 0.2871, uncertainty: 1.7759, uncertainty_coeffi: 0.0100, loss: 0.1485, lr: 4.48e-06
     Epoch[7] Iteration[200/322], entropy: 0.2290, uncertainty: 1.7893, uncertainty_coeffi: 0.0100, loss: 0.1217, lr: 9.55e-07
     Epoch[7] Iteration[210/322], entropy: 0.4187, uncertainty: 1.9672, uncertainty_coeffi: 0.0100, loss: 0.2045, lr: 9.57e-06
     Epoch[7] Iteration[220/322], entropy: 0.2268, uncertainty: 1.6852, uncertainty_coeffi: 0.0100, loss: 0.1286, lr: 4.48e-06
     Epoch[7] Iteration[230/322], entropy: 0.2709, uncertainty: 1.8546, uncertainty_coeffi: 0.0100, loss: 0.1487, lr: 9.55e-07
     Epoch[7] Iteration[240/322], entropy: 0.3331, uncertainty: 1.7504, uncertainty_coeffi: 0.0100, loss: 0.1720, lr: 9.57e-06
     Epoch[7] Iteration[250/322], entropy: 0.3839, uncertainty: 1.8212, uncertainty_coeffi: 0.0100, loss: 0.1893, lr: 4.48e-06
     Epoch[7] Iteration[260/322], entropy: 0.5100, uncertainty: 1.9201, uncertainty_coeffi: 0.0100, loss: 0.2449, lr: 9.55e-07
     Epoch[7] Iteration[270/322], entropy: 0.4345, uncertainty: 1.8866, uncertainty_coeffi: 0.0100, loss: 0.2017, lr: 9.57e-06
     Epoch[7] Iteration[280/322], entropy: 0.3377, uncertainty: 1.8953, uncertainty_coeffi: 0.0100, loss: 0.1887, lr: 4.48e-06
     Epoch[7] Iteration[290/322], entropy: 0.3273, uncertainty: 1.9055, uncertainty_coeffi: 0.0100, loss: 0.1634, lr: 9.55e-07
     Epoch[7] Iteration[300/322], entropy: 0.3441, uncertainty: 1.7741, uncertainty_coeffi: 0.0100, loss: 0.1758, lr: 9.57e-06
     Epoch[7] Iteration[310/322], entropy: 0.1833, uncertainty: 1.8818, uncertainty_coeffi: 0.0100, loss: 0.1085, lr: 4.48e-06
     Epoch[7] Iteration[320/322], entropy: 0.2181, uncertainty: 1.7042, uncertainty_coeffi: 0.0100, loss: 0.1201, lr: 9.55e-07
     Averaged stats: entropy_avg: 0.3030, uncertainty_avg: 1.8218, uncertainty_coeffi_avg: 0.0100, loss_avg: 0.1574, lr_avg: 4.86e-06
     itm tta time 0:00:59
     Epoch[8] Iteration[10/322], entropy: 0.2953, uncertainty: 1.9083, uncertainty_coeffi: 0.0100, loss: 0.1552, lr: 1.00e-05
     Epoch[8] Iteration[20/322], entropy: 0.2534, uncertainty: 1.8279, uncertainty_coeffi: 0.0100, loss: 0.1351, lr: 2.50e-06
     Epoch[8] Iteration[30/322], entropy: 0.1775, uncertainty: 1.7651, uncertainty_coeffi: 0.0100, loss: 0.1052, lr: 2.50e-06
     Epoch[8] Iteration[40/322], entropy: 0.1700, uncertainty: 1.7858, uncertainty_coeffi: 0.0100, loss: 0.1015, lr: 1.00e-05
     Epoch[8] Iteration[50/322], entropy: 0.2781, uncertainty: 1.8777, uncertainty_coeffi: 0.0100, loss: 0.1536, lr: 2.50e-06
     Epoch[8] Iteration[60/322], entropy: 0.2512, uncertainty: 1.8194, uncertainty_coeffi: 0.0100, loss: 0.1310, lr: 2.50e-06
     Epoch[8] Iteration[70/322], entropy: 0.3125, uncertainty: 1.8377, uncertainty_coeffi: 0.0100, loss: 0.1581, lr: 1.00e-05
     Epoch[8] Iteration[80/322], entropy: 0.2981, uncertainty: 1.9326, uncertainty_coeffi: 0.0100, loss: 0.1527, lr: 2.50e-06
     Epoch[8] Iteration[90/322], entropy: 0.2346, uncertainty: 1.8553, uncertainty_coeffi: 0.0100, loss: 0.1272, lr: 2.50e-06
     Epoch[8] Iteration[100/322], entropy: 0.4013, uncertainty: 1.9282, uncertainty_coeffi: 0.0100, loss: 0.2064, lr: 1.00e-05
     Epoch[8] Iteration[110/322], entropy: 0.2091, uncertainty: 1.7003, uncertainty_coeffi: 0.0100, loss: 0.1116, lr: 2.50e-06
     Epoch[8] Iteration[120/322], entropy: 0.2286, uncertainty: 1.7782, uncertainty_coeffi: 0.0100, loss: 0.1202, lr: 2.50e-06
     Epoch[8] Iteration[130/322], entropy: 0.2229, uncertainty: 1.8631, uncertainty_coeffi: 0.0100, loss: 0.1181, lr: 1.00e-05
     Epoch[8] Iteration[140/322], entropy: 0.4163, uncertainty: 1.7384, uncertainty_coeffi: 0.0100, loss: 0.2149, lr: 2.50e-06
     Epoch[8] Iteration[150/322], entropy: 0.4644, uncertainty: 1.9497, uncertainty_coeffi: 0.0100, loss: 0.2284, lr: 2.50e-06
     Epoch[8] Iteration[160/322], entropy: 0.2063, uncertainty: 1.8175, uncertainty_coeffi: 0.0100, loss: 0.1108, lr: 1.00e-05
     Epoch[8] Iteration[170/322], entropy: 0.2709, uncertainty: 1.9038, uncertainty_coeffi: 0.0100, loss: 0.1422, lr: 2.50e-06
     Epoch[8] Iteration[180/322], entropy: 0.3194, uncertainty: 1.8710, uncertainty_coeffi: 0.0100, loss: 0.1659, lr: 2.50e-06
     Epoch[8] Iteration[190/322], entropy: 0.3560, uncertainty: 1.8727, uncertainty_coeffi: 0.0100, loss: 0.1860, lr: 1.00e-05
     Epoch[8] Iteration[200/322], entropy: 0.1642, uncertainty: 1.7715, uncertainty_coeffi: 0.0100, loss: 0.1017, lr: 2.50e-06
     Epoch[8] Iteration[210/322], entropy: 0.3797, uncertainty: 1.7545, uncertainty_coeffi: 0.0100, loss: 0.2005, lr: 2.50e-06
     Epoch[8] Iteration[220/322], entropy: 0.3080, uncertainty: 1.7913, uncertainty_coeffi: 0.0100, loss: 0.1664, lr: 1.00e-05
     Epoch[8] Iteration[230/322], entropy: 0.3039, uncertainty: 1.7568, uncertainty_coeffi: 0.0100, loss: 0.1662, lr: 2.50e-06
     Epoch[8] Iteration[240/322], entropy: 0.2929, uncertainty: 1.8535, uncertainty_coeffi: 0.0100, loss: 0.1528, lr: 2.50e-06
     Epoch[8] Iteration[250/322], entropy: 0.2686, uncertainty: 1.7630, uncertainty_coeffi: 0.0100, loss: 0.1409, lr: 1.00e-05
     Epoch[8] Iteration[260/322], entropy: 0.3259, uncertainty: 1.7311, uncertainty_coeffi: 0.0100, loss: 0.1566, lr: 2.50e-06
     Epoch[8] Iteration[270/322], entropy: 0.2333, uncertainty: 1.7807, uncertainty_coeffi: 0.0100, loss: 0.1318, lr: 2.50e-06
     Epoch[8] Iteration[280/322], entropy: 0.2591, uncertainty: 1.7100, uncertainty_coeffi: 0.0100, loss: 0.1370, lr: 1.00e-05
     Epoch[8] Iteration[290/322], entropy: 0.4336, uncertainty: 1.8935, uncertainty_coeffi: 0.0100, loss: 0.2011, lr: 2.50e-06
     Epoch[8] Iteration[300/322], entropy: 0.3506, uncertainty: 1.8975, uncertainty_coeffi: 0.0100, loss: 0.1757, lr: 2.50e-06
     Epoch[8] Iteration[310/322], entropy: 0.3043, uncertainty: 1.8388, uncertainty_coeffi: 0.0100, loss: 0.1623, lr: 1.00e-05
     Epoch[8] Iteration[320/322], entropy: 0.1787, uncertainty: 1.8312, uncertainty_coeffi: 0.0100, loss: 0.1025, lr: 2.50e-06
     Averaged stats: entropy_avg: 0.2865, uncertainty_avg: 1.8252, uncertainty_coeffi_avg: 0.0100, loss_avg: 0.1506, lr_avg: 5.08e-06
     itm tta time 0:00:59
     Epoch[9] Iteration[10/322], entropy: 0.4292, uncertainty: 1.8749, uncertainty_coeffi: 0.0100, loss: 0.2097, lr: 4.48e-06
     Epoch[9] Iteration[20/322], entropy: 0.4319, uncertainty: 2.0309, uncertainty_coeffi: 0.0100, loss: 0.2185, lr: 9.57e-06
     Epoch[9] Iteration[30/322], entropy: 0.4761, uncertainty: 1.8800, uncertainty_coeffi: 0.0100, loss: 0.2328, lr: 9.55e-07
     Epoch[9] Iteration[40/322], entropy: 0.1815, uncertainty: 1.8343, uncertainty_coeffi: 0.0100, loss: 0.1067, lr: 4.48e-06
     Epoch[9] Iteration[50/322], entropy: 0.3646, uncertainty: 1.8507, uncertainty_coeffi: 0.0100, loss: 0.1857, lr: 9.57e-06
     Epoch[9] Iteration[60/322], entropy: 0.4245, uncertainty: 1.8462, uncertainty_coeffi: 0.0100, loss: 0.2056, lr: 9.55e-07
     Epoch[9] Iteration[70/322], entropy: 0.3146, uncertainty: 1.7028, uncertainty_coeffi: 0.0100, loss: 0.1666, lr: 4.48e-06
     Epoch[9] Iteration[80/322], entropy: 0.1682, uncertainty: 1.7680, uncertainty_coeffi: 0.0100, loss: 0.1048, lr: 9.57e-06
     Epoch[9] Iteration[90/322], entropy: 0.3209, uncertainty: 1.8370, uncertainty_coeffi: 0.0100, loss: 0.1660, lr: 9.55e-07
     Epoch[9] Iteration[100/322], entropy: 0.4689, uncertainty: 1.8867, uncertainty_coeffi: 0.0100, loss: 0.2297, lr: 4.48e-06
     Epoch[9] Iteration[110/322], entropy: 0.2858, uncertainty: 1.7576, uncertainty_coeffi: 0.0100, loss: 0.1468, lr: 9.57e-06
     Epoch[9] Iteration[120/322], entropy: 0.4751, uncertainty: 1.9413, uncertainty_coeffi: 0.0100, loss: 0.2289, lr: 9.55e-07
     Epoch[9] Iteration[130/322], entropy: 0.1994, uncertainty: 1.8225, uncertainty_coeffi: 0.0100, loss: 0.1123, lr: 4.48e-06
     Epoch[9] Iteration[140/322], entropy: 0.2817, uncertainty: 1.7765, uncertainty_coeffi: 0.0100, loss: 0.1494, lr: 9.57e-06
     Epoch[9] Iteration[150/322], entropy: 0.1565, uncertainty: 1.6757, uncertainty_coeffi: 0.0100, loss: 0.0936, lr: 9.55e-07
     Epoch[9] Iteration[160/322], entropy: 0.3407, uncertainty: 1.8803, uncertainty_coeffi: 0.0100, loss: 0.1711, lr: 4.48e-06
     Epoch[9] Iteration[170/322], entropy: 0.2045, uncertainty: 1.8412, uncertainty_coeffi: 0.0100, loss: 0.1200, lr: 9.57e-06
     Epoch[9] Iteration[180/322], entropy: 0.2875, uncertainty: 1.9348, uncertainty_coeffi: 0.0100, loss: 0.1522, lr: 9.55e-07
     Epoch[9] Iteration[190/322], entropy: 0.2203, uncertainty: 1.8370, uncertainty_coeffi: 0.0100, loss: 0.1169, lr: 4.48e-06
     Epoch[9] Iteration[200/322], entropy: 0.2452, uncertainty: 1.8790, uncertainty_coeffi: 0.0100, loss: 0.1340, lr: 9.57e-06
     Epoch[9] Iteration[210/322], entropy: 0.2987, uncertainty: 1.8572, uncertainty_coeffi: 0.0100, loss: 0.1543, lr: 9.55e-07
     Epoch[9] Iteration[220/322], entropy: 0.1629, uncertainty: 1.6526, uncertainty_coeffi: 0.0100, loss: 0.0919, lr: 4.48e-06
     Epoch[9] Iteration[230/322], entropy: 0.2276, uncertainty: 1.9277, uncertainty_coeffi: 0.0100, loss: 0.1224, lr: 9.57e-06
     Epoch[9] Iteration[240/322], entropy: 0.2321, uncertainty: 1.6905, uncertainty_coeffi: 0.0100, loss: 0.1347, lr: 9.55e-07
     Epoch[9] Iteration[250/322], entropy: 0.0983, uncertainty: 1.7536, uncertainty_coeffi: 0.0100, loss: 0.0656, lr: 4.48e-06
     Epoch[9] Iteration[260/322], entropy: 0.3163, uncertainty: 1.7788, uncertainty_coeffi: 0.0100, loss: 0.1597, lr: 9.57e-06
     Epoch[9] Iteration[270/322], entropy: 0.2580, uncertainty: 1.8206, uncertainty_coeffi: 0.0100, loss: 0.1420, lr: 9.55e-07
     Epoch[9] Iteration[280/322], entropy: 0.1580, uncertainty: 1.7311, uncertainty_coeffi: 0.0100, loss: 0.0938, lr: 4.48e-06
     Epoch[9] Iteration[290/322], entropy: 0.4406, uncertainty: 1.9422, uncertainty_coeffi: 0.0100, loss: 0.2097, lr: 9.57e-06
     Epoch[9] Iteration[300/322], entropy: 0.1933, uncertainty: 1.7652, uncertainty_coeffi: 0.0100, loss: 0.1046, lr: 9.55e-07
     Epoch[9] Iteration[310/322], entropy: 0.3528, uncertainty: 1.8025, uncertainty_coeffi: 0.0100, loss: 0.1886, lr: 4.48e-06
     Epoch[9] Iteration[320/322], entropy: 0.1802, uncertainty: 1.7755, uncertainty_coeffi: 0.0100, loss: 0.1024, lr: 9.57e-06
     Averaged stats: entropy_avg: 0.2874, uncertainty_avg: 1.8236, uncertainty_coeffi_avg: 0.0100, loss_avg: 0.1507, lr_avg: 5.13e-06
     itm tta time 0:00:59
### TTA Eval Score: 
+-------+--------+--------+--------+--------+--------+
| epoch |   R1   |   R5   |  R10   |  mAP   |  mINP  |
+-------+--------+--------+--------+--------+--------+
|  -999 | 70.598 | 86.891 | 91.780 | 63.391 | 47.063 |
|   0   | 70.663 | 86.891 | 91.813 | 63.419 | 47.088 |
|   1   | 70.630 | 86.956 | 91.829 | 63.419 | 47.125 |
|   2   | 70.630 | 86.923 | 91.797 | 63.437 | 47.152 |
|   4   | 70.760 | 86.810 | 91.829 | 63.470 | 47.186 |
|   9   | 70.923 | 86.891 | 91.862 | 63.503 | 47.209 |
+-------+--------+--------+--------+--------+--------+
     logs:  {'epo': 9, 'R1': 70.923, 'R5': 86.891, 'R10': 91.862, 'mAP': 63.503, 'mINP': 47.209, 'entropy': 0.2873766685370356, 'uncertainty': 1.823602769523859, 'uncertainty_coeffi': 0.009999999776482582, 'loss': 0.1506556465756148, 'lr': 5.1264089053710734e-06}
     Epoch[10] Iteration[10/322], entropy: 0.2360, uncertainty: 1.7184, uncertainty_coeffi: 0.0100, loss: 0.1234, lr: 1.09e-07
     Epoch[10] Iteration[20/322], entropy: 0.2735, uncertainty: 1.8661, uncertainty_coeffi: 0.0100, loss: 0.1419, lr: 6.55e-06
     Epoch[10] Iteration[30/322], entropy: 0.3094, uncertainty: 1.8590, uncertainty_coeffi: 0.0100, loss: 0.1603, lr: 8.35e-06
     Epoch[10] Iteration[40/322], entropy: 0.2387, uncertainty: 1.7511, uncertainty_coeffi: 0.0100, loss: 0.1260, lr: 1.09e-07
     Epoch[10] Iteration[50/322], entropy: 0.2771, uncertainty: 1.8742, uncertainty_coeffi: 0.0100, loss: 0.1485, lr: 6.55e-06
     Epoch[10] Iteration[60/322], entropy: 0.4010, uncertainty: 1.9122, uncertainty_coeffi: 0.0100, loss: 0.1951, lr: 8.35e-06
     Epoch[10] Iteration[70/322], entropy: 0.3503, uncertainty: 1.7716, uncertainty_coeffi: 0.0100, loss: 0.1918, lr: 1.09e-07
     Epoch[10] Iteration[80/322], entropy: 0.2433, uncertainty: 1.8777, uncertainty_coeffi: 0.0100, loss: 0.1302, lr: 6.55e-06
     Epoch[10] Iteration[90/322], entropy: 0.4967, uncertainty: 1.9653, uncertainty_coeffi: 0.0100, loss: 0.2409, lr: 8.35e-06
     Epoch[10] Iteration[100/322], entropy: 0.1700, uncertainty: 1.6580, uncertainty_coeffi: 0.0100, loss: 0.0956, lr: 1.09e-07
     Epoch[10] Iteration[110/322], entropy: 0.1760, uncertainty: 1.7103, uncertainty_coeffi: 0.0100, loss: 0.1099, lr: 6.55e-06
     Epoch[10] Iteration[120/322], entropy: 0.2491, uncertainty: 1.7713, uncertainty_coeffi: 0.0100, loss: 0.1346, lr: 8.35e-06
     Epoch[10] Iteration[130/322], entropy: 0.3580, uncertainty: 1.9047, uncertainty_coeffi: 0.0100, loss: 0.1801, lr: 1.09e-07
     Epoch[10] Iteration[140/322], entropy: 0.2371, uncertainty: 1.8072, uncertainty_coeffi: 0.0100, loss: 0.1263, lr: 6.55e-06
     Epoch[10] Iteration[150/322], entropy: 0.1899, uncertainty: 1.8161, uncertainty_coeffi: 0.0100, loss: 0.1074, lr: 8.35e-06
     Epoch[10] Iteration[160/322], entropy: 0.2972, uncertainty: 1.8214, uncertainty_coeffi: 0.0100, loss: 0.1561, lr: 1.09e-07
     Epoch[10] Iteration[170/322], entropy: 0.3637, uncertainty: 1.9743, uncertainty_coeffi: 0.0100, loss: 0.1806, lr: 6.55e-06
     Epoch[10] Iteration[180/322], entropy: 0.4325, uncertainty: 1.9543, uncertainty_coeffi: 0.0100, loss: 0.2149, lr: 8.35e-06
     Epoch[10] Iteration[190/322], entropy: 0.5505, uncertainty: 1.9171, uncertainty_coeffi: 0.0100, loss: 0.2616, lr: 1.09e-07
     Epoch[10] Iteration[200/322], entropy: 0.3176, uncertainty: 1.8501, uncertainty_coeffi: 0.0100, loss: 0.1692, lr: 6.55e-06
     Epoch[10] Iteration[210/322], entropy: 0.2385, uncertainty: 1.7979, uncertainty_coeffi: 0.0100, loss: 0.1303, lr: 8.35e-06
     Epoch[10] Iteration[220/322], entropy: 0.3234, uncertainty: 1.8753, uncertainty_coeffi: 0.0100, loss: 0.1703, lr: 1.09e-07
     Epoch[10] Iteration[230/322], entropy: 0.3499, uncertainty: 1.7308, uncertainty_coeffi: 0.0100, loss: 0.1714, lr: 6.55e-06
     Epoch[10] Iteration[240/322], entropy: 0.2349, uncertainty: 1.6835, uncertainty_coeffi: 0.0100, loss: 0.1363, lr: 8.35e-06
     Epoch[10] Iteration[250/322], entropy: 0.3810, uncertainty: 1.9375, uncertainty_coeffi: 0.0100, loss: 0.1950, lr: 1.09e-07
     Epoch[10] Iteration[260/322], entropy: 0.1528, uncertainty: 1.6964, uncertainty_coeffi: 0.0100, loss: 0.0914, lr: 6.55e-06
     Epoch[10] Iteration[270/322], entropy: 0.2874, uncertainty: 1.8032, uncertainty_coeffi: 0.0100, loss: 0.1491, lr: 8.35e-06
     Epoch[10] Iteration[280/322], entropy: 0.3346, uncertainty: 1.7796, uncertainty_coeffi: 0.0100, loss: 0.1704, lr: 1.09e-07
     Epoch[10] Iteration[290/322], entropy: 0.1628, uncertainty: 1.8641, uncertainty_coeffi: 0.0100, loss: 0.1000, lr: 6.55e-06
     Epoch[10] Iteration[300/322], entropy: 0.2920, uncertainty: 1.8314, uncertainty_coeffi: 0.0100, loss: 0.1594, lr: 8.35e-06
     Epoch[10] Iteration[310/322], entropy: 0.2846, uncertainty: 1.7196, uncertainty_coeffi: 0.0100, loss: 0.1456, lr: 1.09e-07
     Epoch[10] Iteration[320/322], entropy: 0.3683, uncertainty: 1.8232, uncertainty_coeffi: 0.0100, loss: 0.1857, lr: 6.55e-06
     Averaged stats: entropy_avg: 0.2993, uncertainty_avg: 1.8226, uncertainty_coeffi_avg: 0.0100, loss_avg: 0.1562, lr_avg: 4.90e-06
     itm tta time 0:00:59
     Epoch[11] Iteration[10/322], entropy: 0.3301, uncertainty: 1.7202, uncertainty_coeffi: 0.0100, loss: 0.1657, lr: 6.55e-06
     Epoch[11] Iteration[20/322], entropy: 0.3649, uncertainty: 1.7832, uncertainty_coeffi: 0.0100, loss: 0.1868, lr: 1.09e-07
     Epoch[11] Iteration[30/322], entropy: 0.1512, uncertainty: 1.7338, uncertainty_coeffi: 0.0100, loss: 0.0882, lr: 8.35e-06
     Epoch[11] Iteration[40/322], entropy: 0.1730, uncertainty: 1.6875, uncertainty_coeffi: 0.0100, loss: 0.0953, lr: 6.55e-06
     Epoch[11] Iteration[50/322], entropy: 0.1919, uncertainty: 1.7619, uncertainty_coeffi: 0.0100, loss: 0.1014, lr: 1.09e-07
     Epoch[11] Iteration[60/322], entropy: 0.3480, uncertainty: 1.7892, uncertainty_coeffi: 0.0100, loss: 0.1866, lr: 8.35e-06
     Epoch[11] Iteration[70/322], entropy: 0.3964, uncertainty: 1.7822, uncertainty_coeffi: 0.0100, loss: 0.1977, lr: 6.55e-06
     Epoch[11] Iteration[80/322], entropy: 0.4305, uncertainty: 1.9338, uncertainty_coeffi: 0.0100, loss: 0.2104, lr: 1.09e-07
     Epoch[11] Iteration[90/322], entropy: 0.3863, uncertainty: 1.7866, uncertainty_coeffi: 0.0100, loss: 0.1925, lr: 8.35e-06
     Epoch[11] Iteration[100/322], entropy: 0.4088, uncertainty: 1.9416, uncertainty_coeffi: 0.0100, loss: 0.1966, lr: 6.55e-06
     Epoch[11] Iteration[110/322], entropy: 0.3066, uncertainty: 1.7812, uncertainty_coeffi: 0.0100, loss: 0.1550, lr: 1.09e-07
     Epoch[11] Iteration[120/322], entropy: 0.3117, uncertainty: 1.8193, uncertainty_coeffi: 0.0100, loss: 0.1637, lr: 8.35e-06
     Epoch[11] Iteration[130/322], entropy: 0.1282, uncertainty: 1.7719, uncertainty_coeffi: 0.0100, loss: 0.0828, lr: 6.55e-06
     Epoch[11] Iteration[140/322], entropy: 0.1988, uncertainty: 1.6831, uncertainty_coeffi: 0.0100, loss: 0.1160, lr: 1.09e-07
     Epoch[11] Iteration[150/322], entropy: 0.1645, uncertainty: 1.7522, uncertainty_coeffi: 0.0100, loss: 0.0930, lr: 8.35e-06
     Epoch[11] Iteration[160/322], entropy: 0.2249, uncertainty: 1.8460, uncertainty_coeffi: 0.0100, loss: 0.1228, lr: 6.55e-06
     Epoch[11] Iteration[170/322], entropy: 0.3647, uncertainty: 1.9005, uncertainty_coeffi: 0.0100, loss: 0.1845, lr: 1.09e-07
     Epoch[11] Iteration[180/322], entropy: 0.2676, uncertainty: 1.7283, uncertainty_coeffi: 0.0100, loss: 0.1451, lr: 8.35e-06
     Epoch[11] Iteration[190/322], entropy: 0.4482, uncertainty: 1.9867, uncertainty_coeffi: 0.0100, loss: 0.2259, lr: 6.55e-06
     Epoch[11] Iteration[200/322], entropy: 0.3375, uncertainty: 1.8900, uncertainty_coeffi: 0.0100, loss: 0.1645, lr: 1.09e-07
     Epoch[11] Iteration[210/322], entropy: 0.1677, uncertainty: 1.6972, uncertainty_coeffi: 0.0100, loss: 0.1000, lr: 8.35e-06
     Epoch[11] Iteration[220/322], entropy: 0.3598, uncertainty: 1.9821, uncertainty_coeffi: 0.0100, loss: 0.1930, lr: 6.55e-06
     Epoch[11] Iteration[230/322], entropy: 0.2377, uncertainty: 1.7371, uncertainty_coeffi: 0.0100, loss: 0.1235, lr: 1.09e-07
     Epoch[11] Iteration[240/322], entropy: 0.1942, uncertainty: 1.7192, uncertainty_coeffi: 0.0100, loss: 0.1032, lr: 8.35e-06
     Epoch[11] Iteration[250/322], entropy: 0.4193, uncertainty: 1.9163, uncertainty_coeffi: 0.0100, loss: 0.2063, lr: 6.55e-06
     Epoch[11] Iteration[260/322], entropy: 0.2509, uncertainty: 1.8327, uncertainty_coeffi: 0.0100, loss: 0.1290, lr: 1.09e-07
     Epoch[11] Iteration[270/322], entropy: 0.1134, uncertainty: 1.6073, uncertainty_coeffi: 0.0100, loss: 0.0763, lr: 8.35e-06
     Epoch[11] Iteration[280/322], entropy: 0.1093, uncertainty: 1.6622, uncertainty_coeffi: 0.0100, loss: 0.0689, lr: 6.55e-06
     Epoch[11] Iteration[290/322], entropy: 0.2791, uncertainty: 1.7898, uncertainty_coeffi: 0.0100, loss: 0.1451, lr: 1.09e-07
     Epoch[11] Iteration[300/322], entropy: 0.3768, uncertainty: 1.9267, uncertainty_coeffi: 0.0100, loss: 0.1965, lr: 8.35e-06
     Epoch[11] Iteration[310/322], entropy: 0.2853, uncertainty: 1.8551, uncertainty_coeffi: 0.0100, loss: 0.1502, lr: 6.55e-06
     Epoch[11] Iteration[320/322], entropy: 0.1773, uncertainty: 1.7518, uncertainty_coeffi: 0.0100, loss: 0.1046, lr: 1.09e-07
     Averaged stats: entropy_avg: 0.2783, uncertainty_avg: 1.7987, uncertainty_coeffi_avg: 0.0100, loss_avg: 0.1460, lr_avg: 4.90e-06
     itm tta time 0:00:59
     Epoch[12] Iteration[10/322], entropy: 0.1149, uncertainty: 1.6916, uncertainty_coeffi: 0.0100, loss: 0.0708, lr: 9.57e-06
     Epoch[12] Iteration[20/322], entropy: 0.4189, uncertainty: 1.9035, uncertainty_coeffi: 0.0100, loss: 0.2066, lr: 4.48e-06
     Epoch[12] Iteration[30/322], entropy: 0.2097, uncertainty: 1.5953, uncertainty_coeffi: 0.0100, loss: 0.1135, lr: 9.55e-07
     Epoch[12] Iteration[40/322], entropy: 0.2670, uncertainty: 1.8262, uncertainty_coeffi: 0.0100, loss: 0.1419, lr: 9.57e-06
     Epoch[12] Iteration[50/322], entropy: 0.2936, uncertainty: 1.7172, uncertainty_coeffi: 0.0100, loss: 0.1558, lr: 4.48e-06
     Epoch[12] Iteration[60/322], entropy: 0.2836, uncertainty: 1.6382, uncertainty_coeffi: 0.0100, loss: 0.1553, lr: 9.55e-07
     Epoch[12] Iteration[70/322], entropy: 0.3545, uncertainty: 1.8490, uncertainty_coeffi: 0.0100, loss: 0.1848, lr: 9.57e-06
     Epoch[12] Iteration[80/322], entropy: 0.3124, uncertainty: 1.8720, uncertainty_coeffi: 0.0100, loss: 0.1585, lr: 4.48e-06
     Epoch[12] Iteration[90/322], entropy: 0.2564, uncertainty: 1.7360, uncertainty_coeffi: 0.0100, loss: 0.1337, lr: 9.55e-07
     Epoch[12] Iteration[100/322], entropy: 0.1133, uncertainty: 1.9902, uncertainty_coeffi: 0.0100, loss: 0.0743, lr: 9.57e-06
     Epoch[12] Iteration[110/322], entropy: 0.4400, uncertainty: 1.9023, uncertainty_coeffi: 0.0100, loss: 0.2194, lr: 4.48e-06
     Epoch[12] Iteration[120/322], entropy: 0.1837, uncertainty: 1.6961, uncertainty_coeffi: 0.0100, loss: 0.1039, lr: 9.55e-07
     Epoch[12] Iteration[130/322], entropy: 0.2923, uncertainty: 1.8811, uncertainty_coeffi: 0.0100, loss: 0.1500, lr: 9.57e-06
     Epoch[12] Iteration[140/322], entropy: 0.3800, uncertainty: 1.8943, uncertainty_coeffi: 0.0100, loss: 0.1863, lr: 5.52e-06
     Epoch[12] Iteration[150/322], entropy: 0.4469, uncertainty: 1.9623, uncertainty_coeffi: 0.0100, loss: 0.2155, lr: 4.32e-07
     Epoch[12] Iteration[160/322], entropy: 0.3523, uncertainty: 1.7868, uncertainty_coeffi: 0.0100, loss: 0.1833, lr: 9.05e-06
     Epoch[12] Iteration[170/322], entropy: 0.1675, uncertainty: 1.7256, uncertainty_coeffi: 0.0100, loss: 0.1051, lr: 5.52e-06
     Epoch[12] Iteration[180/322], entropy: 0.3371, uncertainty: 1.8886, uncertainty_coeffi: 0.0100, loss: 0.1716, lr: 4.32e-07
     Epoch[12] Iteration[190/322], entropy: 0.3539, uncertainty: 1.7695, uncertainty_coeffi: 0.0100, loss: 0.1812, lr: 9.05e-06
     Epoch[12] Iteration[200/322], entropy: 0.3276, uncertainty: 1.8921, uncertainty_coeffi: 0.0100, loss: 0.1739, lr: 5.52e-06
     Epoch[12] Iteration[210/322], entropy: 0.1186, uncertainty: 1.6481, uncertainty_coeffi: 0.0100, loss: 0.0799, lr: 4.32e-07
     Epoch[12] Iteration[220/322], entropy: 0.2782, uncertainty: 1.8424, uncertainty_coeffi: 0.0100, loss: 0.1511, lr: 9.05e-06
     Epoch[12] Iteration[230/322], entropy: 0.3507, uncertainty: 1.9688, uncertainty_coeffi: 0.0100, loss: 0.1750, lr: 5.52e-06
     Epoch[12] Iteration[240/322], entropy: 0.1908, uncertainty: 1.7864, uncertainty_coeffi: 0.0100, loss: 0.1101, lr: 4.32e-07
     Epoch[12] Iteration[250/322], entropy: 0.2362, uncertainty: 1.8147, uncertainty_coeffi: 0.0100, loss: 0.1305, lr: 9.05e-06
     Epoch[12] Iteration[260/322], entropy: 0.2513, uncertainty: 1.6538, uncertainty_coeffi: 0.0100, loss: 0.1300, lr: 5.52e-06
     Epoch[12] Iteration[270/322], entropy: 0.3177, uncertainty: 1.8327, uncertainty_coeffi: 0.0100, loss: 0.1668, lr: 4.32e-07
     Epoch[12] Iteration[280/322], entropy: 0.2902, uncertainty: 1.8459, uncertainty_coeffi: 0.0100, loss: 0.1483, lr: 9.05e-06
     Epoch[12] Iteration[290/322], entropy: 0.2406, uncertainty: 1.7637, uncertainty_coeffi: 0.0100, loss: 0.1243, lr: 5.52e-06
     Epoch[12] Iteration[300/322], entropy: 0.1549, uncertainty: 1.6370, uncertainty_coeffi: 0.0100, loss: 0.0885, lr: 4.32e-07
     Epoch[12] Iteration[310/322], entropy: 0.3573, uncertainty: 1.8788, uncertainty_coeffi: 0.0100, loss: 0.1771, lr: 9.05e-06
     Epoch[12] Iteration[320/322], entropy: 0.1457, uncertainty: 1.8080, uncertainty_coeffi: 0.0100, loss: 0.0901, lr: 5.52e-06
     Averaged stats: entropy_avg: 0.2762, uncertainty_avg: 1.8031, uncertainty_coeffi_avg: 0.0100, loss_avg: 0.1455, lr_avg: 5.16e-06
     itm tta time 0:00:59
     Epoch[13] Iteration[10/322], entropy: 0.1863, uncertainty: 1.6426, uncertainty_coeffi: 0.0100, loss: 0.1097, lr: 1.65e-06
     Epoch[13] Iteration[20/322], entropy: 0.4140, uncertainty: 1.8774, uncertainty_coeffi: 0.0100, loss: 0.1986, lr: 9.89e-06
     Epoch[13] Iteration[30/322], entropy: 0.2001, uncertainty: 1.6670, uncertainty_coeffi: 0.0100, loss: 0.1076, lr: 3.45e-06
     Epoch[13] Iteration[40/322], entropy: 0.2469, uncertainty: 1.6771, uncertainty_coeffi: 0.0100, loss: 0.1342, lr: 1.65e-06
     Epoch[13] Iteration[50/322], entropy: 0.1740, uncertainty: 1.6689, uncertainty_coeffi: 0.0100, loss: 0.1086, lr: 9.89e-06
     Epoch[13] Iteration[60/322], entropy: 0.2738, uncertainty: 1.7015, uncertainty_coeffi: 0.0100, loss: 0.1393, lr: 3.45e-06
     Epoch[13] Iteration[70/322], entropy: 0.2868, uncertainty: 1.7876, uncertainty_coeffi: 0.0100, loss: 0.1484, lr: 1.65e-06
     Epoch[13] Iteration[80/322], entropy: 0.3194, uncertainty: 1.8563, uncertainty_coeffi: 0.0100, loss: 0.1671, lr: 9.89e-06
     Epoch[13] Iteration[90/322], entropy: 0.2887, uncertainty: 1.8004, uncertainty_coeffi: 0.0100, loss: 0.1536, lr: 3.45e-06
     Epoch[13] Iteration[100/322], entropy: 0.3511, uncertainty: 1.8318, uncertainty_coeffi: 0.0100, loss: 0.1755, lr: 1.65e-06
     Epoch[13] Iteration[110/322], entropy: 0.2063, uncertainty: 1.7983, uncertainty_coeffi: 0.0100, loss: 0.1261, lr: 9.89e-06
     Epoch[13] Iteration[120/322], entropy: 0.3086, uncertainty: 1.8816, uncertainty_coeffi: 0.0100, loss: 0.1496, lr: 3.45e-06
     Epoch[13] Iteration[130/322], entropy: 0.1527, uncertainty: 1.8892, uncertainty_coeffi: 0.0100, loss: 0.0923, lr: 1.65e-06
     Epoch[13] Iteration[140/322], entropy: 0.3473, uncertainty: 1.8291, uncertainty_coeffi: 0.0100, loss: 0.1733, lr: 9.89e-06
     Epoch[13] Iteration[150/322], entropy: 0.3971, uncertainty: 1.9623, uncertainty_coeffi: 0.0100, loss: 0.1952, lr: 3.45e-06
     Epoch[13] Iteration[160/322], entropy: 0.2700, uncertainty: 1.7841, uncertainty_coeffi: 0.0100, loss: 0.1483, lr: 1.65e-06
     Epoch[13] Iteration[170/322], entropy: 0.3720, uncertainty: 1.9864, uncertainty_coeffi: 0.0100, loss: 0.1818, lr: 9.89e-06
     Epoch[13] Iteration[180/322], entropy: 0.1403, uncertainty: 1.6773, uncertainty_coeffi: 0.0100, loss: 0.0834, lr: 3.45e-06
     Epoch[13] Iteration[190/322], entropy: 0.4736, uncertainty: 1.8654, uncertainty_coeffi: 0.0100, loss: 0.2410, lr: 1.65e-06
     Epoch[13] Iteration[200/322], entropy: 0.2045, uncertainty: 1.8243, uncertainty_coeffi: 0.0100, loss: 0.1201, lr: 9.89e-06
     Epoch[13] Iteration[210/322], entropy: 0.3225, uncertainty: 1.8361, uncertainty_coeffi: 0.0100, loss: 0.1659, lr: 3.45e-06
     Epoch[13] Iteration[220/322], entropy: 0.2775, uncertainty: 1.8012, uncertainty_coeffi: 0.0100, loss: 0.1414, lr: 1.65e-06
     Epoch[13] Iteration[230/322], entropy: 0.1111, uncertainty: 1.6928, uncertainty_coeffi: 0.0100, loss: 0.0719, lr: 9.89e-06
     Epoch[13] Iteration[240/322], entropy: 0.1058, uncertainty: 1.6571, uncertainty_coeffi: 0.0100, loss: 0.0727, lr: 3.45e-06
     Epoch[13] Iteration[250/322], entropy: 0.1649, uncertainty: 1.7331, uncertainty_coeffi: 0.0100, loss: 0.1002, lr: 1.65e-06
     Epoch[13] Iteration[260/322], entropy: 0.1732, uncertainty: 1.7438, uncertainty_coeffi: 0.0100, loss: 0.0979, lr: 9.89e-06
     Epoch[13] Iteration[270/322], entropy: 0.2667, uncertainty: 1.7967, uncertainty_coeffi: 0.0100, loss: 0.1352, lr: 3.45e-06
     Epoch[13] Iteration[280/322], entropy: 0.1600, uncertainty: 1.8320, uncertainty_coeffi: 0.0100, loss: 0.0932, lr: 1.65e-06
     Epoch[13] Iteration[290/322], entropy: 0.2819, uncertainty: 1.9343, uncertainty_coeffi: 0.0100, loss: 0.1484, lr: 9.89e-06
     Epoch[13] Iteration[300/322], entropy: 0.1781, uncertainty: 1.7899, uncertainty_coeffi: 0.0100, loss: 0.1089, lr: 3.45e-06
     Epoch[13] Iteration[310/322], entropy: 0.2478, uncertainty: 1.7867, uncertainty_coeffi: 0.0100, loss: 0.1333, lr: 1.65e-06
     Epoch[13] Iteration[320/322], entropy: 0.2558, uncertainty: 1.8359, uncertainty_coeffi: 0.0100, loss: 0.1393, lr: 9.89e-06
     Averaged stats: entropy_avg: 0.2550, uncertainty_avg: 1.7953, uncertainty_coeffi_avg: 0.0100, loss_avg: 0.1363, lr_avg: 5.05e-06
     itm tta time 0:00:59
     Epoch[14] Iteration[10/322], entropy: 0.3277, uncertainty: 1.8173, uncertainty_coeffi: 0.0100, loss: 0.1686, lr: 1.65e-06
     Epoch[14] Iteration[20/322], entropy: 0.0880, uncertainty: 1.7269, uncertainty_coeffi: 0.0100, loss: 0.0695, lr: 3.45e-06
     Epoch[14] Iteration[30/322], entropy: 0.4076, uncertainty: 1.9655, uncertainty_coeffi: 0.0100, loss: 0.2012, lr: 9.89e-06
     Epoch[14] Iteration[40/322], entropy: 0.3080, uncertainty: 1.7502, uncertainty_coeffi: 0.0100, loss: 0.1608, lr: 1.65e-06
     Epoch[14] Iteration[50/322], entropy: 0.2834, uncertainty: 1.7620, uncertainty_coeffi: 0.0100, loss: 0.1533, lr: 3.45e-06
     Epoch[14] Iteration[60/322], entropy: 0.3441, uncertainty: 1.7729, uncertainty_coeffi: 0.0100, loss: 0.1716, lr: 9.89e-06
     Epoch[14] Iteration[70/322], entropy: 0.3698, uncertainty: 1.7793, uncertainty_coeffi: 0.0100, loss: 0.1879, lr: 1.65e-06
     Epoch[14] Iteration[80/322], entropy: 0.1749, uncertainty: 1.7295, uncertainty_coeffi: 0.0100, loss: 0.1024, lr: 3.45e-06
     Epoch[14] Iteration[90/322], entropy: 0.2747, uncertainty: 1.7504, uncertainty_coeffi: 0.0100, loss: 0.1453, lr: 9.89e-06
     Epoch[14] Iteration[100/322], entropy: 0.3778, uncertainty: 1.8682, uncertainty_coeffi: 0.0100, loss: 0.1860, lr: 1.65e-06
     Epoch[14] Iteration[110/322], entropy: 0.2774, uncertainty: 1.9146, uncertainty_coeffi: 0.0100, loss: 0.1507, lr: 3.45e-06
     Epoch[14] Iteration[120/322], entropy: 0.4749, uncertainty: 1.9173, uncertainty_coeffi: 0.0100, loss: 0.2256, lr: 9.89e-06
     Epoch[14] Iteration[130/322], entropy: 0.1779, uncertainty: 1.6573, uncertainty_coeffi: 0.0100, loss: 0.1018, lr: 1.65e-06
     Epoch[14] Iteration[140/322], entropy: 0.1210, uncertainty: 1.7802, uncertainty_coeffi: 0.0100, loss: 0.0743, lr: 3.45e-06
     Epoch[14] Iteration[150/322], entropy: 0.2837, uncertainty: 1.7996, uncertainty_coeffi: 0.0100, loss: 0.1514, lr: 9.89e-06
     Epoch[14] Iteration[160/322], entropy: 0.1770, uncertainty: 1.6763, uncertainty_coeffi: 0.0100, loss: 0.1024, lr: 1.65e-06
     Epoch[14] Iteration[170/322], entropy: 0.0882, uncertainty: 1.7500, uncertainty_coeffi: 0.0100, loss: 0.0639, lr: 3.45e-06
     Epoch[14] Iteration[180/322], entropy: 0.2046, uncertainty: 1.5778, uncertainty_coeffi: 0.0100, loss: 0.1142, lr: 9.89e-06
     Epoch[14] Iteration[190/322], entropy: 0.0658, uncertainty: 1.6026, uncertainty_coeffi: 0.0100, loss: 0.0520, lr: 1.65e-06
     Epoch[14] Iteration[200/322], entropy: 0.4490, uncertainty: 1.8271, uncertainty_coeffi: 0.0100, loss: 0.2227, lr: 3.45e-06
     Epoch[14] Iteration[210/322], entropy: 0.2559, uncertainty: 1.7160, uncertainty_coeffi: 0.0100, loss: 0.1331, lr: 9.89e-06
     Epoch[14] Iteration[220/322], entropy: 0.4593, uncertainty: 1.8447, uncertainty_coeffi: 0.0100, loss: 0.2210, lr: 1.65e-06
     Epoch[14] Iteration[230/322], entropy: 0.2858, uncertainty: 1.7919, uncertainty_coeffi: 0.0100, loss: 0.1513, lr: 3.45e-06
     Epoch[14] Iteration[240/322], entropy: 0.2876, uncertainty: 1.8998, uncertainty_coeffi: 0.0100, loss: 0.1497, lr: 9.89e-06
     Epoch[14] Iteration[250/322], entropy: 0.2812, uncertainty: 1.7281, uncertainty_coeffi: 0.0100, loss: 0.1336, lr: 1.65e-06
     Epoch[14] Iteration[260/322], entropy: 0.2764, uncertainty: 1.8235, uncertainty_coeffi: 0.0100, loss: 0.1509, lr: 3.45e-06
     Epoch[14] Iteration[270/322], entropy: 0.2881, uncertainty: 1.7957, uncertainty_coeffi: 0.0100, loss: 0.1491, lr: 9.89e-06
     Epoch[14] Iteration[280/322], entropy: 0.0975, uncertainty: 1.6031, uncertainty_coeffi: 0.0100, loss: 0.0613, lr: 1.65e-06
     Epoch[14] Iteration[290/322], entropy: 0.3373, uncertainty: 1.9439, uncertainty_coeffi: 0.0100, loss: 0.1700, lr: 3.45e-06
     Epoch[14] Iteration[300/322], entropy: 0.2297, uncertainty: 1.8510, uncertainty_coeffi: 0.0100, loss: 0.1295, lr: 9.89e-06
     Epoch[14] Iteration[310/322], entropy: 0.1336, uncertainty: 1.6483, uncertainty_coeffi: 0.0100, loss: 0.0834, lr: 1.65e-06
     Epoch[14] Iteration[320/322], entropy: 0.2981, uncertainty: 1.8353, uncertainty_coeffi: 0.0100, loss: 0.1594, lr: 3.45e-06
     Averaged stats: entropy_avg: 0.2658, uncertainty_avg: 1.7783, uncertainty_coeffi_avg: 0.0100, loss_avg: 0.1406, lr_avg: 4.85e-06
     itm tta time 0:00:59
### TTA Eval Score: 
+-------+--------+--------+--------+--------+--------+
| epoch |   R1   |   R5   |  R10   |  mAP   |  mINP  |
+-------+--------+--------+--------+--------+--------+
|  -999 | 70.598 | 86.891 | 91.780 | 63.391 | 47.063 |
|   0   | 70.663 | 86.891 | 91.813 | 63.419 | 47.088 |
|   1   | 70.630 | 86.956 | 91.829 | 63.419 | 47.125 |
|   2   | 70.630 | 86.923 | 91.797 | 63.437 | 47.152 |
|   4   | 70.760 | 86.810 | 91.829 | 63.470 | 47.186 |
|   9   | 70.923 | 86.891 | 91.862 | 63.503 | 47.209 |
|   14  | 70.906 | 86.907 | 91.845 | 63.504 | 47.245 |
+-------+--------+--------+--------+--------+--------+
     logs:  {'epo': 14, 'R1': 70.906, 'R5': 86.907, 'R10': 91.845, 'mAP': 63.504, 'mINP': 47.245, 'entropy': 0.26581327826716006, 'uncertainty': 1.7783162668347359, 'uncertainty_coeffi': 0.009999999776482582, 'loss': 0.14055962942074984, 'lr': 4.847164437385172e-06}
     Epoch[15] Iteration[10/322], entropy: 0.2028, uncertainty: 1.8938, uncertainty_coeffi: 0.0100, loss: 0.1158, lr: 9.05e-06
     Epoch[15] Iteration[20/322], entropy: 0.1152, uncertainty: 1.6760, uncertainty_coeffi: 0.0100, loss: 0.0739, lr: 4.32e-07
     Epoch[15] Iteration[30/322], entropy: 0.1901, uncertainty: 1.7656, uncertainty_coeffi: 0.0100, loss: 0.1087, lr: 5.52e-06
     Epoch[15] Iteration[40/322], entropy: 0.2511, uncertainty: 1.7709, uncertainty_coeffi: 0.0100, loss: 0.1307, lr: 9.05e-06
     Epoch[15] Iteration[50/322], entropy: 0.2944, uncertainty: 1.8811, uncertainty_coeffi: 0.0100, loss: 0.1539, lr: 4.32e-07
     Epoch[15] Iteration[60/322], entropy: 0.4292, uncertainty: 1.8744, uncertainty_coeffi: 0.0100, loss: 0.2060, lr: 5.52e-06
     Epoch[15] Iteration[70/322], entropy: 0.3108, uncertainty: 1.9438, uncertainty_coeffi: 0.0100, loss: 0.1675, lr: 9.05e-06
     Epoch[15] Iteration[80/322], entropy: 0.1356, uncertainty: 1.6703, uncertainty_coeffi: 0.0100, loss: 0.0897, lr: 4.32e-07
     Epoch[15] Iteration[90/322], entropy: 0.1676, uncertainty: 1.8008, uncertainty_coeffi: 0.0100, loss: 0.0930, lr: 5.52e-06
     Epoch[15] Iteration[100/322], entropy: 0.2813, uncertainty: 1.8108, uncertainty_coeffi: 0.0100, loss: 0.1372, lr: 9.05e-06
     Epoch[15] Iteration[110/322], entropy: 0.2209, uncertainty: 1.8713, uncertainty_coeffi: 0.0100, loss: 0.1259, lr: 4.32e-07
     Epoch[15] Iteration[120/322], entropy: 0.1937, uncertainty: 1.5870, uncertainty_coeffi: 0.0100, loss: 0.1078, lr: 5.52e-06
     Epoch[15] Iteration[130/322], entropy: 0.1328, uncertainty: 1.7126, uncertainty_coeffi: 0.0100, loss: 0.0869, lr: 9.05e-06
     Epoch[15] Iteration[140/322], entropy: 0.3084, uncertainty: 1.8665, uncertainty_coeffi: 0.0100, loss: 0.1612, lr: 4.32e-07
     Epoch[15] Iteration[150/322], entropy: 0.4569, uncertainty: 1.8173, uncertainty_coeffi: 0.0100, loss: 0.2362, lr: 5.52e-06
     Epoch[15] Iteration[160/322], entropy: 0.2241, uncertainty: 1.7209, uncertainty_coeffi: 0.0100, loss: 0.1230, lr: 9.05e-06
     Epoch[15] Iteration[170/322], entropy: 0.4560, uncertainty: 1.9026, uncertainty_coeffi: 0.0100, loss: 0.2179, lr: 4.32e-07
     Epoch[15] Iteration[180/322], entropy: 0.4054, uncertainty: 1.9619, uncertainty_coeffi: 0.0100, loss: 0.1950, lr: 5.52e-06
     Epoch[15] Iteration[190/322], entropy: 0.1199, uncertainty: 1.4914, uncertainty_coeffi: 0.0100, loss: 0.0757, lr: 9.05e-06
     Epoch[15] Iteration[200/322], entropy: 0.5186, uncertainty: 1.9228, uncertainty_coeffi: 0.0100, loss: 0.2518, lr: 4.32e-07
     Epoch[15] Iteration[210/322], entropy: 0.1956, uncertainty: 1.8428, uncertainty_coeffi: 0.0100, loss: 0.1148, lr: 5.52e-06
     Epoch[15] Iteration[220/322], entropy: 0.4011, uncertainty: 1.9156, uncertainty_coeffi: 0.0100, loss: 0.1992, lr: 9.05e-06
     Epoch[15] Iteration[230/322], entropy: 0.2474, uncertainty: 1.7859, uncertainty_coeffi: 0.0100, loss: 0.1385, lr: 4.32e-07
     Epoch[15] Iteration[240/322], entropy: 0.3206, uncertainty: 1.8276, uncertainty_coeffi: 0.0100, loss: 0.1553, lr: 5.52e-06
     Epoch[15] Iteration[250/322], entropy: 0.5137, uncertainty: 1.9765, uncertainty_coeffi: 0.0100, loss: 0.2593, lr: 9.05e-06
     Epoch[15] Iteration[260/322], entropy: 0.4723, uncertainty: 1.8690, uncertainty_coeffi: 0.0100, loss: 0.2192, lr: 4.32e-07
     Epoch[15] Iteration[270/322], entropy: 0.0481, uncertainty: 1.5700, uncertainty_coeffi: 0.0100, loss: 0.0421, lr: 5.52e-06
     Epoch[15] Iteration[280/322], entropy: 0.2630, uncertainty: 1.6412, uncertainty_coeffi: 0.0100, loss: 0.1425, lr: 9.05e-06
     Epoch[15] Iteration[290/322], entropy: 0.3111, uncertainty: 1.8058, uncertainty_coeffi: 0.0100, loss: 0.1604, lr: 4.32e-07
     Epoch[15] Iteration[300/322], entropy: 0.1274, uncertainty: 1.9158, uncertainty_coeffi: 0.0100, loss: 0.0785, lr: 5.52e-06
     Epoch[15] Iteration[310/322], entropy: 0.2956, uncertainty: 1.8840, uncertainty_coeffi: 0.0100, loss: 0.1590, lr: 9.05e-06
     Epoch[15] Iteration[320/322], entropy: 0.4659, uncertainty: 1.9205, uncertainty_coeffi: 0.0100, loss: 0.2236, lr: 4.32e-07
     Averaged stats: entropy_avg: 0.2836, uncertainty_avg: 1.8093, uncertainty_coeffi_avg: 0.0100, loss_avg: 0.1484, lr_avg: 4.98e-06
     itm tta time 0:00:59
     Epoch[16] Iteration[10/322], entropy: 0.1296, uncertainty: 1.8207, uncertainty_coeffi: 0.0100, loss: 0.0785, lr: 7.50e-06
     Epoch[16] Iteration[20/322], entropy: 0.6682, uncertainty: 2.0227, uncertainty_coeffi: 0.0100, loss: 0.3092, lr: 7.50e-06
     Epoch[16] Iteration[30/322], entropy: 0.3052, uncertainty: 1.9407, uncertainty_coeffi: 0.0100, loss: 0.1582, lr: 0.00e+00
     Epoch[16] Iteration[40/322], entropy: 0.4313, uncertainty: 1.8107, uncertainty_coeffi: 0.0100, loss: 0.2168, lr: 7.50e-06
     Epoch[16] Iteration[50/322], entropy: 0.3578, uncertainty: 1.8174, uncertainty_coeffi: 0.0100, loss: 0.1843, lr: 7.50e-06
     Epoch[16] Iteration[60/322], entropy: 0.2616, uncertainty: 1.8000, uncertainty_coeffi: 0.0100, loss: 0.1434, lr: 0.00e+00
     Epoch[16] Iteration[70/322], entropy: 0.2547, uncertainty: 1.8330, uncertainty_coeffi: 0.0100, loss: 0.1338, lr: 7.50e-06
     Epoch[16] Iteration[80/322], entropy: 0.1638, uncertainty: 1.6817, uncertainty_coeffi: 0.0100, loss: 0.0993, lr: 7.50e-06
     Epoch[16] Iteration[90/322], entropy: 0.2637, uncertainty: 1.7336, uncertainty_coeffi: 0.0100, loss: 0.1340, lr: 0.00e+00
     Epoch[16] Iteration[100/322], entropy: 0.0981, uncertainty: 1.5208, uncertainty_coeffi: 0.0100, loss: 0.0619, lr: 7.50e-06
     Epoch[16] Iteration[110/322], entropy: 0.3058, uncertainty: 1.8901, uncertainty_coeffi: 0.0100, loss: 0.1570, lr: 7.50e-06
     Epoch[16] Iteration[120/322], entropy: 0.4348, uncertainty: 1.7930, uncertainty_coeffi: 0.0100, loss: 0.2236, lr: 0.00e+00
     Epoch[16] Iteration[130/322], entropy: 0.1672, uncertainty: 1.8847, uncertainty_coeffi: 0.0100, loss: 0.1007, lr: 7.50e-06
     Epoch[16] Iteration[140/322], entropy: 0.3471, uncertainty: 1.8419, uncertainty_coeffi: 0.0100, loss: 0.1724, lr: 7.50e-06
     Epoch[16] Iteration[150/322], entropy: 0.3741, uncertainty: 1.9106, uncertainty_coeffi: 0.0100, loss: 0.1797, lr: 0.00e+00
     Epoch[16] Iteration[160/322], entropy: 0.1768, uncertainty: 1.7423, uncertainty_coeffi: 0.0100, loss: 0.1057, lr: 7.50e-06
     Epoch[16] Iteration[170/322], entropy: 0.3626, uncertainty: 1.7724, uncertainty_coeffi: 0.0100, loss: 0.1796, lr: 7.50e-06
     Epoch[16] Iteration[180/322], entropy: 0.4013, uncertainty: 1.7970, uncertainty_coeffi: 0.0100, loss: 0.2170, lr: 0.00e+00
     Epoch[16] Iteration[190/322], entropy: 0.2679, uncertainty: 1.9491, uncertainty_coeffi: 0.0100, loss: 0.1458, lr: 7.50e-06
     Epoch[16] Iteration[200/322], entropy: 0.4492, uncertainty: 1.8731, uncertainty_coeffi: 0.0100, loss: 0.2236, lr: 7.50e-06
     Epoch[16] Iteration[210/322], entropy: 0.2014, uncertainty: 1.6847, uncertainty_coeffi: 0.0100, loss: 0.1149, lr: 0.00e+00
     Epoch[16] Iteration[220/322], entropy: 0.3700, uncertainty: 1.7658, uncertainty_coeffi: 0.0100, loss: 0.1831, lr: 7.50e-06
     Epoch[16] Iteration[230/322], entropy: 0.1169, uncertainty: 1.7856, uncertainty_coeffi: 0.0100, loss: 0.0717, lr: 7.50e-06
     Epoch[16] Iteration[240/322], entropy: 0.5753, uncertainty: 2.0709, uncertainty_coeffi: 0.0100, loss: 0.2780, lr: 0.00e+00
     Epoch[16] Iteration[250/322], entropy: 0.2591, uncertainty: 1.8026, uncertainty_coeffi: 0.0100, loss: 0.1395, lr: 7.50e-06
     Epoch[16] Iteration[260/322], entropy: 0.3402, uncertainty: 1.8520, uncertainty_coeffi: 0.0100, loss: 0.1747, lr: 7.50e-06
     Epoch[16] Iteration[270/322], entropy: 0.2504, uncertainty: 1.7287, uncertainty_coeffi: 0.0100, loss: 0.1349, lr: 0.00e+00
     Epoch[16] Iteration[280/322], entropy: 0.1512, uncertainty: 1.7268, uncertainty_coeffi: 0.0100, loss: 0.0912, lr: 7.50e-06
     Epoch[16] Iteration[290/322], entropy: 0.2428, uncertainty: 1.7967, uncertainty_coeffi: 0.0100, loss: 0.1350, lr: 7.50e-06
     Epoch[16] Iteration[300/322], entropy: 0.2674, uncertainty: 1.8737, uncertainty_coeffi: 0.0100, loss: 0.1359, lr: 0.00e+00
     Epoch[16] Iteration[310/322], entropy: 0.1505, uncertainty: 1.6279, uncertainty_coeffi: 0.0100, loss: 0.0884, lr: 7.50e-06
     Epoch[16] Iteration[320/322], entropy: 0.2687, uncertainty: 1.7196, uncertainty_coeffi: 0.0100, loss: 0.1457, lr: 7.50e-06
     Averaged stats: entropy_avg: 0.2942, uncertainty_avg: 1.8084, uncertainty_coeffi_avg: 0.0100, loss_avg: 0.1537, lr_avg: 5.16e-06
     itm tta time 0:00:59
     Epoch[17] Iteration[10/322], entropy: 0.3575, uncertainty: 1.7685, uncertainty_coeffi: 0.0100, loss: 0.1722, lr: 4.32e-07
     Epoch[17] Iteration[20/322], entropy: 0.4375, uncertainty: 1.9927, uncertainty_coeffi: 0.0100, loss: 0.2151, lr: 9.05e-06
     Epoch[17] Iteration[30/322], entropy: 0.3428, uncertainty: 1.8632, uncertainty_coeffi: 0.0100, loss: 0.1692, lr: 5.52e-06
     Epoch[17] Iteration[40/322], entropy: 0.2828, uncertainty: 1.7420, uncertainty_coeffi: 0.0100, loss: 0.1560, lr: 4.32e-07
     Epoch[17] Iteration[50/322], entropy: 0.3051, uncertainty: 1.8736, uncertainty_coeffi: 0.0100, loss: 0.1553, lr: 9.05e-06
     Epoch[17] Iteration[60/322], entropy: 0.3123, uncertainty: 1.8475, uncertainty_coeffi: 0.0100, loss: 0.1622, lr: 5.52e-06
     Epoch[17] Iteration[70/322], entropy: 0.1875, uncertainty: 1.6798, uncertainty_coeffi: 0.0100, loss: 0.1132, lr: 4.32e-07
     Epoch[17] Iteration[80/322], entropy: 0.1908, uncertainty: 1.6809, uncertainty_coeffi: 0.0100, loss: 0.1070, lr: 9.05e-06
     Epoch[17] Iteration[90/322], entropy: 0.2518, uncertainty: 1.7710, uncertainty_coeffi: 0.0100, loss: 0.1306, lr: 5.52e-06
     Epoch[17] Iteration[100/322], entropy: 0.3400, uncertainty: 1.7388, uncertainty_coeffi: 0.0100, loss: 0.1720, lr: 4.32e-07
     Epoch[17] Iteration[110/322], entropy: 0.2253, uncertainty: 1.7433, uncertainty_coeffi: 0.0100, loss: 0.1234, lr: 9.05e-06
     Epoch[17] Iteration[120/322], entropy: 0.2407, uncertainty: 1.7426, uncertainty_coeffi: 0.0100, loss: 0.1303, lr: 5.52e-06
     Epoch[17] Iteration[130/322], entropy: 0.0917, uncertainty: 1.5949, uncertainty_coeffi: 0.0100, loss: 0.0622, lr: 4.32e-07
     Epoch[17] Iteration[140/322], entropy: 0.1992, uncertainty: 1.7490, uncertainty_coeffi: 0.0100, loss: 0.1087, lr: 9.05e-06
     Epoch[17] Iteration[150/322], entropy: 0.2486, uncertainty: 1.7615, uncertainty_coeffi: 0.0100, loss: 0.1297, lr: 5.52e-06
     Epoch[17] Iteration[160/322], entropy: 0.2338, uncertainty: 1.7606, uncertainty_coeffi: 0.0100, loss: 0.1240, lr: 4.32e-07
     Epoch[17] Iteration[170/322], entropy: 0.3107, uncertainty: 1.9483, uncertainty_coeffi: 0.0100, loss: 0.1610, lr: 9.05e-06
     Epoch[17] Iteration[180/322], entropy: 0.3122, uncertainty: 1.8068, uncertainty_coeffi: 0.0100, loss: 0.1631, lr: 5.52e-06
     Epoch[17] Iteration[190/322], entropy: 0.2303, uncertainty: 1.8339, uncertainty_coeffi: 0.0100, loss: 0.1234, lr: 4.32e-07
     Epoch[17] Iteration[200/322], entropy: 0.2821, uncertainty: 1.6671, uncertainty_coeffi: 0.0100, loss: 0.1522, lr: 9.05e-06
     Epoch[17] Iteration[210/322], entropy: 0.2306, uncertainty: 1.7871, uncertainty_coeffi: 0.0100, loss: 0.1252, lr: 5.52e-06
     Epoch[17] Iteration[220/322], entropy: 0.2332, uncertainty: 1.7847, uncertainty_coeffi: 0.0100, loss: 0.1245, lr: 4.32e-07
     Epoch[17] Iteration[230/322], entropy: 0.2297, uncertainty: 1.8224, uncertainty_coeffi: 0.0100, loss: 0.1278, lr: 9.05e-06
     Epoch[17] Iteration[240/322], entropy: 0.4501, uncertainty: 1.9322, uncertainty_coeffi: 0.0100, loss: 0.2170, lr: 5.52e-06
     Epoch[17] Iteration[250/322], entropy: 0.0951, uncertainty: 1.7411, uncertainty_coeffi: 0.0100, loss: 0.0651, lr: 4.32e-07
     Epoch[17] Iteration[260/322], entropy: 0.3074, uncertainty: 1.8690, uncertainty_coeffi: 0.0100, loss: 0.1626, lr: 9.05e-06
     Epoch[17] Iteration[270/322], entropy: 0.2361, uncertainty: 1.7737, uncertainty_coeffi: 0.0100, loss: 0.1318, lr: 5.52e-06
     Epoch[17] Iteration[280/322], entropy: 0.2801, uncertainty: 1.7002, uncertainty_coeffi: 0.0100, loss: 0.1490, lr: 4.32e-07
     Epoch[17] Iteration[290/322], entropy: 0.2785, uncertainty: 1.7554, uncertainty_coeffi: 0.0100, loss: 0.1439, lr: 9.05e-06
     Epoch[17] Iteration[300/322], entropy: 0.2022, uncertainty: 1.8253, uncertainty_coeffi: 0.0100, loss: 0.1115, lr: 5.52e-06
     Epoch[17] Iteration[310/322], entropy: 0.3213, uncertainty: 1.8852, uncertainty_coeffi: 0.0100, loss: 0.1667, lr: 4.32e-07
     Epoch[17] Iteration[320/322], entropy: 0.1848, uncertainty: 1.8893, uncertainty_coeffi: 0.0100, loss: 0.1046, lr: 9.05e-06
     Averaged stats: entropy_avg: 0.2635, uncertainty_avg: 1.7916, uncertainty_coeffi_avg: 0.0100, loss_avg: 0.1394, lr_avg: 4.98e-06
     itm tta time 0:00:59
     Epoch[18] Iteration[10/322], entropy: 0.1602, uncertainty: 1.7412, uncertainty_coeffi: 0.0100, loss: 0.0885, lr: 3.45e-06
     Epoch[18] Iteration[20/322], entropy: 0.2361, uncertainty: 1.6622, uncertainty_coeffi: 0.0100, loss: 0.1318, lr: 1.65e-06
     Epoch[18] Iteration[30/322], entropy: 0.2758, uncertainty: 1.6844, uncertainty_coeffi: 0.0100, loss: 0.1418, lr: 9.89e-06
     Epoch[18] Iteration[40/322], entropy: 0.2926, uncertainty: 1.8510, uncertainty_coeffi: 0.0100, loss: 0.1504, lr: 3.45e-06
     Epoch[18] Iteration[50/322], entropy: 0.3535, uncertainty: 1.7955, uncertainty_coeffi: 0.0100, loss: 0.1703, lr: 1.65e-06
     Epoch[18] Iteration[60/322], entropy: 0.3146, uncertainty: 1.8799, uncertainty_coeffi: 0.0100, loss: 0.1648, lr: 9.89e-06
     Epoch[18] Iteration[70/322], entropy: 0.2476, uncertainty: 1.6668, uncertainty_coeffi: 0.0100, loss: 0.1346, lr: 3.45e-06
     Epoch[18] Iteration[80/322], entropy: 0.2940, uncertainty: 1.8452, uncertainty_coeffi: 0.0100, loss: 0.1486, lr: 1.65e-06
     Epoch[18] Iteration[90/322], entropy: 0.2121, uncertainty: 1.8318, uncertainty_coeffi: 0.0100, loss: 0.1156, lr: 9.89e-06
     Epoch[18] Iteration[100/322], entropy: 0.2753, uncertainty: 1.7535, uncertainty_coeffi: 0.0100, loss: 0.1415, lr: 3.45e-06
     Epoch[18] Iteration[110/322], entropy: 0.3832, uncertainty: 1.8199, uncertainty_coeffi: 0.0100, loss: 0.1926, lr: 1.65e-06
     Epoch[18] Iteration[120/322], entropy: 0.2494, uncertainty: 1.8141, uncertainty_coeffi: 0.0100, loss: 0.1366, lr: 9.89e-06
     Epoch[18] Iteration[130/322], entropy: 0.2379, uncertainty: 1.8492, uncertainty_coeffi: 0.0100, loss: 0.1255, lr: 3.45e-06
     Epoch[18] Iteration[140/322], entropy: 0.2669, uncertainty: 1.6990, uncertainty_coeffi: 0.0100, loss: 0.1384, lr: 1.65e-06
     Epoch[18] Iteration[150/322], entropy: 0.1961, uncertainty: 1.7341, uncertainty_coeffi: 0.0100, loss: 0.1184, lr: 9.89e-06
     Epoch[18] Iteration[160/322], entropy: 0.4994, uncertainty: 1.9772, uncertainty_coeffi: 0.0100, loss: 0.2410, lr: 3.45e-06
     Epoch[18] Iteration[170/322], entropy: 0.0655, uncertainty: 1.7230, uncertainty_coeffi: 0.0100, loss: 0.0509, lr: 1.65e-06
     Epoch[18] Iteration[180/322], entropy: 0.1467, uncertainty: 1.7442, uncertainty_coeffi: 0.0100, loss: 0.0857, lr: 9.89e-06
     Epoch[18] Iteration[190/322], entropy: 0.1014, uncertainty: 1.5906, uncertainty_coeffi: 0.0100, loss: 0.0614, lr: 3.45e-06
     Epoch[18] Iteration[200/322], entropy: 0.2326, uncertainty: 1.9152, uncertainty_coeffi: 0.0100, loss: 0.1245, lr: 1.65e-06
     Epoch[18] Iteration[210/322], entropy: 0.3468, uncertainty: 1.9349, uncertainty_coeffi: 0.0100, loss: 0.1850, lr: 9.57e-06
     Epoch[18] Iteration[220/322], entropy: 0.1462, uncertainty: 1.7406, uncertainty_coeffi: 0.0100, loss: 0.0861, lr: 4.48e-06
     Epoch[18] Iteration[230/322], entropy: 0.1361, uncertainty: 1.6552, uncertainty_coeffi: 0.0100, loss: 0.0838, lr: 9.55e-07
     Epoch[18] Iteration[240/322], entropy: 0.3908, uncertainty: 1.9307, uncertainty_coeffi: 0.0100, loss: 0.2055, lr: 9.57e-06
     Epoch[18] Iteration[250/322], entropy: 0.2210, uncertainty: 1.7031, uncertainty_coeffi: 0.0100, loss: 0.1266, lr: 4.48e-06
     Epoch[18] Iteration[260/322], entropy: 0.2780, uncertainty: 1.9047, uncertainty_coeffi: 0.0100, loss: 0.1445, lr: 9.55e-07
     Epoch[18] Iteration[270/322], entropy: 0.1757, uncertainty: 1.8520, uncertainty_coeffi: 0.0100, loss: 0.1003, lr: 9.57e-06
     Epoch[18] Iteration[280/322], entropy: 0.1456, uncertainty: 1.6851, uncertainty_coeffi: 0.0100, loss: 0.0951, lr: 4.48e-06
     Epoch[18] Iteration[290/322], entropy: 0.2697, uncertainty: 1.7990, uncertainty_coeffi: 0.0100, loss: 0.1450, lr: 9.55e-07
     Epoch[18] Iteration[300/322], entropy: 0.2521, uncertainty: 1.8560, uncertainty_coeffi: 0.0100, loss: 0.1375, lr: 9.57e-06
     Epoch[18] Iteration[310/322], entropy: 0.4542, uncertainty: 1.8807, uncertainty_coeffi: 0.0100, loss: 0.2147, lr: 4.48e-06
     Epoch[18] Iteration[320/322], entropy: 0.4964, uncertainty: 1.9222, uncertainty_coeffi: 0.0100, loss: 0.2326, lr: 9.55e-07
     Averaged stats: entropy_avg: 0.2610, uncertainty_avg: 1.7951, uncertainty_coeffi_avg: 0.0100, loss_avg: 0.1381, lr_avg: 4.85e-06
     itm tta time 0:00:59
     Epoch[19] Iteration[10/322], entropy: 0.1058, uncertainty: 1.8158, uncertainty_coeffi: 0.0100, loss: 0.0679, lr: 1.00e-05
     Epoch[19] Iteration[20/322], entropy: 0.3133, uncertainty: 1.7945, uncertainty_coeffi: 0.0100, loss: 0.1614, lr: 2.50e-06
     Epoch[19] Iteration[30/322], entropy: 0.1850, uncertainty: 1.8499, uncertainty_coeffi: 0.0100, loss: 0.1053, lr: 2.50e-06
     Epoch[19] Iteration[40/322], entropy: 0.2751, uncertainty: 1.8819, uncertainty_coeffi: 0.0100, loss: 0.1499, lr: 1.00e-05
     Epoch[19] Iteration[50/322], entropy: 0.3934, uncertainty: 1.8298, uncertainty_coeffi: 0.0100, loss: 0.1982, lr: 2.50e-06
     Epoch[19] Iteration[60/322], entropy: 0.1851, uncertainty: 1.6931, uncertainty_coeffi: 0.0100, loss: 0.0990, lr: 2.50e-06
     Epoch[19] Iteration[70/322], entropy: 0.2993, uncertainty: 1.8447, uncertainty_coeffi: 0.0100, loss: 0.1551, lr: 1.00e-05
     Epoch[19] Iteration[80/322], entropy: 0.4029, uncertainty: 1.9267, uncertainty_coeffi: 0.0100, loss: 0.2111, lr: 2.50e-06
     Epoch[19] Iteration[90/322], entropy: 0.2958, uncertainty: 1.7514, uncertainty_coeffi: 0.0100, loss: 0.1588, lr: 2.50e-06
     Epoch[19] Iteration[100/322], entropy: 0.2006, uncertainty: 1.6431, uncertainty_coeffi: 0.0100, loss: 0.1058, lr: 1.00e-05
     Epoch[19] Iteration[110/322], entropy: 0.1588, uncertainty: 1.7668, uncertainty_coeffi: 0.0100, loss: 0.0914, lr: 2.50e-06
     Epoch[19] Iteration[120/322], entropy: 0.3793, uncertainty: 1.8644, uncertainty_coeffi: 0.0100, loss: 0.1879, lr: 2.50e-06
     Epoch[19] Iteration[130/322], entropy: 0.2715, uncertainty: 1.6072, uncertainty_coeffi: 0.0100, loss: 0.1494, lr: 1.00e-05
     Epoch[19] Iteration[140/322], entropy: 0.2343, uncertainty: 1.7257, uncertainty_coeffi: 0.0100, loss: 0.1220, lr: 2.50e-06
     Epoch[19] Iteration[150/322], entropy: 0.2132, uncertainty: 1.8463, uncertainty_coeffi: 0.0100, loss: 0.1177, lr: 2.50e-06
     Epoch[19] Iteration[160/322], entropy: 0.1608, uncertainty: 1.7229, uncertainty_coeffi: 0.0100, loss: 0.0938, lr: 1.00e-05
     Epoch[19] Iteration[170/322], entropy: 0.2703, uncertainty: 1.7678, uncertainty_coeffi: 0.0100, loss: 0.1370, lr: 2.50e-06
     Epoch[19] Iteration[180/322], entropy: 0.3381, uncertainty: 1.9111, uncertainty_coeffi: 0.0100, loss: 0.1709, lr: 2.50e-06
     Epoch[19] Iteration[190/322], entropy: 0.2761, uncertainty: 1.8721, uncertainty_coeffi: 0.0100, loss: 0.1448, lr: 1.00e-05
     Epoch[19] Iteration[200/322], entropy: 0.4665, uncertainty: 1.9106, uncertainty_coeffi: 0.0100, loss: 0.2328, lr: 2.50e-06
     Epoch[19] Iteration[210/322], entropy: 0.1018, uncertainty: 1.6895, uncertainty_coeffi: 0.0100, loss: 0.0684, lr: 2.50e-06
     Epoch[19] Iteration[220/322], entropy: 0.2693, uncertainty: 1.8446, uncertainty_coeffi: 0.0100, loss: 0.1416, lr: 1.00e-05
     Epoch[19] Iteration[230/322], entropy: 0.3037, uncertainty: 1.9362, uncertainty_coeffi: 0.0100, loss: 0.1521, lr: 2.50e-06
     Epoch[19] Iteration[240/322], entropy: 0.1030, uncertainty: 1.7329, uncertainty_coeffi: 0.0100, loss: 0.0718, lr: 2.50e-06
     Epoch[19] Iteration[250/322], entropy: 0.2271, uncertainty: 1.8741, uncertainty_coeffi: 0.0100, loss: 0.1264, lr: 1.00e-05
     Epoch[19] Iteration[260/322], entropy: 0.1915, uncertainty: 1.6788, uncertainty_coeffi: 0.0100, loss: 0.1120, lr: 2.50e-06
     Epoch[19] Iteration[270/322], entropy: 0.3333, uncertainty: 1.7459, uncertainty_coeffi: 0.0100, loss: 0.1699, lr: 2.50e-06
     Epoch[19] Iteration[280/322], entropy: 0.3617, uncertainty: 1.8861, uncertainty_coeffi: 0.0100, loss: 0.1789, lr: 1.00e-05
     Epoch[19] Iteration[290/322], entropy: 0.4746, uncertainty: 1.9133, uncertainty_coeffi: 0.0100, loss: 0.2294, lr: 2.50e-06
     Epoch[19] Iteration[300/322], entropy: 0.3267, uncertainty: 1.7766, uncertainty_coeffi: 0.0100, loss: 0.1611, lr: 2.50e-06
     Epoch[19] Iteration[310/322], entropy: 0.2270, uncertainty: 1.7082, uncertainty_coeffi: 0.0100, loss: 0.1181, lr: 1.00e-05
     Epoch[19] Iteration[320/322], entropy: 0.1557, uncertainty: 1.6735, uncertainty_coeffi: 0.0100, loss: 0.0936, lr: 2.50e-06
     Averaged stats: entropy_avg: 0.2656, uncertainty_avg: 1.7964, uncertainty_coeffi_avg: 0.0100, loss_avg: 0.1401, lr_avg: 5.08e-06
     itm tta time 0:00:59
### TTA Eval Score: 
+-------+--------+--------+--------+--------+--------+
| epoch |   R1   |   R5   |  R10   |  mAP   |  mINP  |
+-------+--------+--------+--------+--------+--------+
|  -999 | 70.598 | 86.891 | 91.780 | 63.391 | 47.063 |
|   0   | 70.663 | 86.891 | 91.813 | 63.419 | 47.088 |
|   1   | 70.630 | 86.956 | 91.829 | 63.419 | 47.125 |
|   2   | 70.630 | 86.923 | 91.797 | 63.437 | 47.152 |
|   4   | 70.760 | 86.810 | 91.829 | 63.470 | 47.186 |
|   9   | 70.923 | 86.891 | 91.862 | 63.503 | 47.209 |
|   14  | 70.906 | 86.907 | 91.845 | 63.504 | 47.245 |
|   19  | 70.874 | 86.907 | 91.845 | 63.496 | 47.266 |
+-------+--------+--------+--------+--------+--------+
     logs:  {'epo': 19, 'R1': 70.874, 'R5': 86.907, 'R10': 91.845, 'mAP': 63.496, 'mINP': 47.266, 'entropy': 0.2656445438042283, 'uncertainty': 1.7964207231998444, 'uncertainty_coeffi': 0.009999999776482582, 'loss': 0.14010553830303252, 'lr': 5.078124999999847e-06}
### best epoch 9 : {'epo': '9', 'R1': '70.923', 'R5': '86.891', 'R10': '91.862', 'mAP': '63.503', 'mINP': '47.209', 'entropy': '0.2873766685370356', 'uncertainty': '1.823602769523859', 'uncertainty_coeffi': '0.009999999776482582', 'loss': '0.1506556465756148', 'lr': '5.1264089053710734e-06'}
### Time 0:20:53
